{"C:\\Projects\\Melo\\src\\App.js": {"path":"C:\\Projects\\Melo\\src\\App.js","statementMap":{"0":{"start":{"line":30,"column":35},"end":{"line":80,"column":1}},"1":{"start":{"line":31,"column":19},"end":{"line":31,"column":32}},"2":{"start":{"line":32,"column":34},"end":{"line":32,"column":45}},"3":{"start":{"line":34,"column":2},"end":{"line":57,"column":17}},"4":{"start":{"line":35,"column":26},"end":{"line":35,"column":30}},"5":{"start":{"line":36,"column":27},"end":{"line":36,"column":29}},"6":{"start":{"line":38,"column":18},"end":{"line":40,"column":21}},"7":{"start":{"line":39,"column":6},"end":{"line":39,"column":20}},"8":{"start":{"line":42,"column":29},"end":{"line":51,"column":22}},"9":{"start":{"line":43,"column":6},"end":{"line":50,"column":9}},"10":{"start":{"line":44,"column":8},"end":{"line":47,"column":9}},"11":{"start":{"line":45,"column":10},"end":{"line":45,"column":42}},"12":{"start":{"line":46,"column":10},"end":{"line":46,"column":21}},"13":{"start":{"line":48,"column":21},"end":{"line":48,"column":59}},"14":{"start":{"line":49,"column":8},"end":{"line":49,"column":49}},"15":{"start":{"line":53,"column":4},"end":{"line":56,"column":6}},"16":{"start":{"line":54,"column":6},"end":{"line":54,"column":26}},"17":{"start":{"line":55,"column":6},"end":{"line":55,"column":38}},"18":{"start":{"line":59,"column":2},"end":{"line":79,"column":4}},"19":{"start":{"line":82,"column":31},"end":{"line":131,"column":1}},"20":{"start":{"line":83,"column":19},"end":{"line":83,"column":32}},"21":{"start":{"line":84,"column":34},"end":{"line":84,"column":45}},"22":{"start":{"line":86,"column":2},"end":{"line":109,"column":17}},"23":{"start":{"line":87,"column":26},"end":{"line":87,"column":30}},"24":{"start":{"line":88,"column":27},"end":{"line":88,"column":29}},"25":{"start":{"line":90,"column":18},"end":{"line":92,"column":21}},"26":{"start":{"line":91,"column":6},"end":{"line":91,"column":20}},"27":{"start":{"line":94,"column":29},"end":{"line":103,"column":22}},"28":{"start":{"line":95,"column":6},"end":{"line":102,"column":9}},"29":{"start":{"line":96,"column":8},"end":{"line":99,"column":9}},"30":{"start":{"line":97,"column":10},"end":{"line":97,"column":42}},"31":{"start":{"line":98,"column":10},"end":{"line":98,"column":21}},"32":{"start":{"line":100,"column":21},"end":{"line":100,"column":59}},"33":{"start":{"line":101,"column":8},"end":{"line":101,"column":49}},"34":{"start":{"line":105,"column":4},"end":{"line":108,"column":6}},"35":{"start":{"line":106,"column":6},"end":{"line":106,"column":26}},"36":{"start":{"line":107,"column":6},"end":{"line":107,"column":38}},"37":{"start":{"line":111,"column":2},"end":{"line":130,"column":4}},"38":{"start":{"line":135,"column":2},"end":{"line":244,"column":4}}},"fnMap":{"0":{"name":"(anonymous_0)","decl":{"start":{"line":30,"column":35},"end":{"line":30,"column":36}},"loc":{"start":{"line":30,"column":41},"end":{"line":80,"column":1}},"line":30},"1":{"name":"(anonymous_1)","decl":{"start":{"line":34,"column":12},"end":{"line":34,"column":13}},"loc":{"start":{"line":34,"column":18},"end":{"line":57,"column":3}},"line":34},"2":{"name":"(anonymous_2)","decl":{"start":{"line":38,"column":29},"end":{"line":38,"column":30}},"loc":{"start":{"line":38,"column":35},"end":{"line":40,"column":5}},"line":38},"3":{"name":"(anonymous_3)","decl":{"start":{"line":42,"column":41},"end":{"line":42,"column":42}},"loc":{"start":{"line":42,"column":47},"end":{"line":51,"column":5}},"line":42},"4":{"name":"(anonymous_4)","decl":{"start":{"line":43,"column":18},"end":{"line":43,"column":19}},"loc":{"start":{"line":43,"column":35},"end":{"line":50,"column":7}},"line":43},"5":{"name":"(anonymous_5)","decl":{"start":{"line":53,"column":11},"end":{"line":53,"column":12}},"loc":{"start":{"line":53,"column":17},"end":{"line":56,"column":5}},"line":53},"6":{"name":"(anonymous_6)","decl":{"start":{"line":82,"column":31},"end":{"line":82,"column":32}},"loc":{"start":{"line":82,"column":37},"end":{"line":131,"column":1}},"line":82},"7":{"name":"(anonymous_7)","decl":{"start":{"line":86,"column":12},"end":{"line":86,"column":13}},"loc":{"start":{"line":86,"column":18},"end":{"line":109,"column":3}},"line":86},"8":{"name":"(anonymous_8)","decl":{"start":{"line":90,"column":29},"end":{"line":90,"column":30}},"loc":{"start":{"line":90,"column":35},"end":{"line":92,"column":5}},"line":90},"9":{"name":"(anonymous_9)","decl":{"start":{"line":94,"column":41},"end":{"line":94,"column":42}},"loc":{"start":{"line":94,"column":47},"end":{"line":103,"column":5}},"line":94},"10":{"name":"(anonymous_10)","decl":{"start":{"line":95,"column":18},"end":{"line":95,"column":19}},"loc":{"start":{"line":95,"column":35},"end":{"line":102,"column":7}},"line":95},"11":{"name":"(anonymous_11)","decl":{"start":{"line":105,"column":11},"end":{"line":105,"column":12}},"loc":{"start":{"line":105,"column":17},"end":{"line":108,"column":5}},"line":105},"12":{"name":"App","decl":{"start":{"line":133,"column":9},"end":{"line":133,"column":12}},"loc":{"start":{"line":133,"column":15},"end":{"line":245,"column":1}},"line":133}},"branchMap":{"0":{"loc":{"start":{"line":44,"column":8},"end":{"line":47,"column":9}},"type":"if","locations":[{"start":{"line":44,"column":8},"end":{"line":47,"column":9}},{"start":{},"end":{}}],"line":44},"1":{"loc":{"start":{"line":96,"column":8},"end":{"line":99,"column":9}},"type":"if","locations":[{"start":{"line":96,"column":8},"end":{"line":99,"column":9}},{"start":{},"end":{}}],"line":96}},"s":{"0":0,"1":0,"2":0,"3":0,"4":0,"5":0,"6":0,"7":0,"8":0,"9":0,"10":0,"11":0,"12":0,"13":0,"14":0,"15":0,"16":0,"17":0,"18":0,"19":0,"20":0,"21":0,"22":0,"23":0,"24":0,"25":0,"26":0,"27":0,"28":0,"29":0,"30":0,"31":0,"32":0,"33":0,"34":0,"35":0,"36":0,"37":0,"38":0},"f":{"0":0,"1":0,"2":0,"3":0,"4":0,"5":0,"6":0,"7":0,"8":0,"9":0,"10":0,"11":0,"12":0},"b":{"0":[0,0],"1":[0,0]}}
,"C:\\Projects\\Melo\\src\\aws-exports.js": {"path":"C:\\Projects\\Melo\\src\\aws-exports.js","statementMap":{"0":{"start":{"line":4,"column":18},"end":{"line":33,"column":1}}},"fnMap":{},"branchMap":{},"s":{"0":0},"f":{},"b":{}}
,"C:\\Projects\\Melo\\src\\index.js": {"path":"C:\\Projects\\Melo\\src\\index.js","statementMap":{"0":{"start":{"line":9,"column":0},"end":{"line":9,"column":29}},"1":{"start":{"line":11,"column":13},"end":{"line":11,"column":65}},"2":{"start":{"line":12,"column":0},"end":{"line":26,"column":2}}},"fnMap":{},"branchMap":{},"s":{"0":0,"1":0,"2":0},"f":{},"b":{}}
,"C:\\Projects\\Melo\\src\\components\\ButtonCreateEvent.jsx": {"path":"C:\\Projects\\Melo\\src\\components\\ButtonCreateEvent.jsx","statementMap":{"0":{"start":{"line":4,"column":26},"end":{"line":19,"column":1}},"1":{"start":{"line":6,"column":19},"end":{"line":6,"column":32}},"2":{"start":{"line":9,"column":4},"end":{"line":9,"column":30}},"3":{"start":{"line":12,"column":2},"end":{"line":18,"column":4}}},"fnMap":{"0":{"name":"(anonymous_0)","decl":{"start":{"line":4,"column":26},"end":{"line":4,"column":27}},"loc":{"start":{"line":4,"column":32},"end":{"line":19,"column":1}},"line":4},"1":{"name":"onclick","decl":{"start":{"line":8,"column":11},"end":{"line":8,"column":18}},"loc":{"start":{"line":8,"column":21},"end":{"line":10,"column":3}},"line":8}},"branchMap":{},"s":{"0":0,"1":0,"2":0,"3":0},"f":{"0":0,"1":0},"b":{}}
,"C:\\Projects\\Melo\\src\\components\\ButtonLogin.jsx": {"path":"C:\\Projects\\Melo\\src\\components\\ButtonLogin.jsx","statementMap":{"0":{"start":{"line":5,"column":20},"end":{"line":26,"column":1}},"1":{"start":{"line":7,"column":32},"end":{"line":7,"column":42}},"2":{"start":{"line":9,"column":2},"end":{"line":17,"column":3}},"3":{"start":{"line":10,"column":4},"end":{"line":16,"column":6}},"4":{"start":{"line":12,"column":53},"end":{"line":12,"column":72}},"5":{"start":{"line":19,"column":2},"end":{"line":25,"column":4}},"6":{"start":{"line":21,"column":51},"end":{"line":21,"column":70}}},"fnMap":{"0":{"name":"(anonymous_0)","decl":{"start":{"line":5,"column":20},"end":{"line":5,"column":21}},"loc":{"start":{"line":5,"column":26},"end":{"line":26,"column":1}},"line":5},"1":{"name":"(anonymous_1)","decl":{"start":{"line":12,"column":47},"end":{"line":12,"column":48}},"loc":{"start":{"line":12,"column":53},"end":{"line":12,"column":72}},"line":12},"2":{"name":"(anonymous_2)","decl":{"start":{"line":21,"column":45},"end":{"line":21,"column":46}},"loc":{"start":{"line":21,"column":51},"end":{"line":21,"column":70}},"line":21}},"branchMap":{"0":{"loc":{"start":{"line":9,"column":2},"end":{"line":17,"column":3}},"type":"if","locations":[{"start":{"line":9,"column":2},"end":{"line":17,"column":3}},{"start":{},"end":{}}],"line":9}},"s":{"0":0,"1":0,"2":0,"3":0,"4":0,"5":0,"6":0},"f":{"0":0,"1":0,"2":0},"b":{"0":[0,0]}}
,"C:\\Projects\\Melo\\src\\components\\ButtonLogout.jsx": {"path":"C:\\Projects\\Melo\\src\\components\\ButtonLogout.jsx","statementMap":{"0":{"start":{"line":6,"column":21},"end":{"line":35,"column":1}},"1":{"start":{"line":8,"column":21},"end":{"line":8,"column":31}},"2":{"start":{"line":9,"column":19},"end":{"line":9,"column":32}},"3":{"start":{"line":11,"column":24},"end":{"line":17,"column":3}},"4":{"start":{"line":12,"column":4},"end":{"line":12,"column":49}},"5":{"start":{"line":13,"column":4},"end":{"line":13,"column":18}},"6":{"start":{"line":14,"column":4},"end":{"line":16,"column":5}},"7":{"start":{"line":15,"column":6},"end":{"line":15,"column":18}},"8":{"start":{"line":19,"column":2},"end":{"line":27,"column":3}},"9":{"start":{"line":20,"column":4},"end":{"line":26,"column":6}},"10":{"start":{"line":28,"column":2},"end":{"line":34,"column":4}}},"fnMap":{"0":{"name":"(anonymous_0)","decl":{"start":{"line":6,"column":21},"end":{"line":6,"column":22}},"loc":{"start":{"line":6,"column":40},"end":{"line":35,"column":1}},"line":6},"1":{"name":"(anonymous_1)","decl":{"start":{"line":11,"column":24},"end":{"line":11,"column":25}},"loc":{"start":{"line":11,"column":30},"end":{"line":17,"column":3}},"line":11}},"branchMap":{"0":{"loc":{"start":{"line":14,"column":4},"end":{"line":16,"column":5}},"type":"if","locations":[{"start":{"line":14,"column":4},"end":{"line":16,"column":5}},{"start":{},"end":{}}],"line":14},"1":{"loc":{"start":{"line":19,"column":2},"end":{"line":27,"column":3}},"type":"if","locations":[{"start":{"line":19,"column":2},"end":{"line":27,"column":3}},{"start":{},"end":{}}],"line":19}},"s":{"0":0,"1":0,"2":0,"3":0,"4":0,"5":0,"6":0,"7":0,"8":0,"9":0,"10":0},"f":{"0":0,"1":0},"b":{"0":[0,0],"1":[0,0]}}
,"C:\\Projects\\Melo\\src\\components\\ButtonOwnerEvents.jsx": {"path":"C:\\Projects\\Melo\\src\\components\\ButtonOwnerEvents.jsx","statementMap":{"0":{"start":{"line":4,"column":26},"end":{"line":19,"column":1}},"1":{"start":{"line":6,"column":19},"end":{"line":6,"column":32}},"2":{"start":{"line":9,"column":4},"end":{"line":9,"column":29}},"3":{"start":{"line":12,"column":2},"end":{"line":18,"column":4}}},"fnMap":{"0":{"name":"(anonymous_0)","decl":{"start":{"line":4,"column":26},"end":{"line":4,"column":27}},"loc":{"start":{"line":4,"column":32},"end":{"line":19,"column":1}},"line":4},"1":{"name":"onclick","decl":{"start":{"line":8,"column":11},"end":{"line":8,"column":18}},"loc":{"start":{"line":8,"column":21},"end":{"line":10,"column":3}},"line":8}},"branchMap":{},"s":{"0":0,"1":0,"2":0,"3":0},"f":{"0":0,"1":0},"b":{}}
,"C:\\Projects\\Melo\\src\\components\\ButtonRRPPEvents.jsx": {"path":"C:\\Projects\\Melo\\src\\components\\ButtonRRPPEvents.jsx","statementMap":{"0":{"start":{"line":4,"column":25},"end":{"line":19,"column":1}},"1":{"start":{"line":6,"column":19},"end":{"line":6,"column":32}},"2":{"start":{"line":9,"column":4},"end":{"line":9,"column":34}},"3":{"start":{"line":12,"column":2},"end":{"line":18,"column":4}}},"fnMap":{"0":{"name":"(anonymous_0)","decl":{"start":{"line":4,"column":25},"end":{"line":4,"column":26}},"loc":{"start":{"line":4,"column":31},"end":{"line":19,"column":1}},"line":4},"1":{"name":"onclick","decl":{"start":{"line":8,"column":11},"end":{"line":8,"column":18}},"loc":{"start":{"line":8,"column":21},"end":{"line":10,"column":3}},"line":8}},"branchMap":{},"s":{"0":0,"1":0,"2":0,"3":0},"f":{"0":0,"1":0},"b":{}}
,"C:\\Projects\\Melo\\src\\components\\ButtonReturn.jsx": {"path":"C:\\Projects\\Melo\\src\\components\\ButtonReturn.jsx","statementMap":{"0":{"start":{"line":4,"column":21},"end":{"line":19,"column":1}},"1":{"start":{"line":6,"column":19},"end":{"line":6,"column":32}},"2":{"start":{"line":9,"column":4},"end":{"line":9,"column":17}},"3":{"start":{"line":12,"column":2},"end":{"line":18,"column":4}}},"fnMap":{"0":{"name":"(anonymous_0)","decl":{"start":{"line":4,"column":21},"end":{"line":4,"column":22}},"loc":{"start":{"line":4,"column":27},"end":{"line":19,"column":1}},"line":4},"1":{"name":"onclick","decl":{"start":{"line":8,"column":11},"end":{"line":8,"column":18}},"loc":{"start":{"line":8,"column":21},"end":{"line":10,"column":3}},"line":8}},"branchMap":{},"s":{"0":0,"1":0,"2":0,"3":0},"f":{"0":0,"1":0},"b":{}}
,"C:\\Projects\\Melo\\src\\components\\ButtonTypeTicket.jsx": {"path":"C:\\Projects\\Melo\\src\\components\\ButtonTypeTicket.jsx","statementMap":{"0":{"start":{"line":6,"column":25},"end":{"line":33,"column":1}},"1":{"start":{"line":7,"column":46},"end":{"line":7,"column":64}},"2":{"start":{"line":9,"column":25},"end":{"line":28,"column":5}},"3":{"start":{"line":11,"column":34},"end":{"line":11,"column":48}},"4":{"start":{"line":13,"column":8},"end":{"line":13,"column":44}},"5":{"start":{"line":14,"column":8},"end":{"line":14,"column":61}},"6":{"start":{"line":16,"column":8},"end":{"line":27,"column":9}},"7":{"start":{"line":17,"column":12},"end":{"line":22,"column":16}},"8":{"start":{"line":24,"column":12},"end":{"line":24,"column":61}},"9":{"start":{"line":25,"column":12},"end":{"line":25,"column":39}},"10":{"start":{"line":26,"column":12},"end":{"line":26,"column":56}},"11":{"start":{"line":30,"column":4},"end":{"line":32,"column":6}}},"fnMap":{"0":{"name":"(anonymous_0)","decl":{"start":{"line":6,"column":25},"end":{"line":6,"column":26}},"loc":{"start":{"line":6,"column":78},"end":{"line":33,"column":1}},"line":6},"1":{"name":"(anonymous_1)","decl":{"start":{"line":9,"column":25},"end":{"line":9,"column":26}},"loc":{"start":{"line":9,"column":37},"end":{"line":28,"column":5}},"line":9}},"branchMap":{},"s":{"0":0,"1":0,"2":0,"3":0,"4":0,"5":0,"6":0,"7":0,"8":0,"9":0,"10":0,"11":0},"f":{"0":0,"1":0},"b":{}}
,"C:\\Projects\\Melo\\src\\components\\BuyEvent.jsx": {"path":"C:\\Projects\\Melo\\src\\components\\BuyEvent.jsx","statementMap":{"0":{"start":{"line":15,"column":17},"end":{"line":240,"column":1}},"1":{"start":{"line":18,"column":35},"end":{"line":18,"column":46}},"2":{"start":{"line":19,"column":36},"end":{"line":19,"column":50}},"3":{"start":{"line":20,"column":34},"end":{"line":20,"column":48}},"4":{"start":{"line":21,"column":40},"end":{"line":21,"column":54}},"5":{"start":{"line":22,"column":40},"end":{"line":22,"column":52}},"6":{"start":{"line":23,"column":26},"end":{"line":23,"column":38}},"7":{"start":{"line":24,"column":42},"end":{"line":24,"column":57}},"8":{"start":{"line":27,"column":44},"end":{"line":27,"column":59}},"9":{"start":{"line":28,"column":50},"end":{"line":28,"column":64}},"10":{"start":{"line":30,"column":2},"end":{"line":32,"column":9}},"11":{"start":{"line":31,"column":4},"end":{"line":31,"column":27}},"12":{"start":{"line":34,"column":2},"end":{"line":39,"column":18}},"13":{"start":{"line":35,"column":4},"end":{"line":38,"column":5}},"14":{"start":{"line":36,"column":28},"end":{"line":36,"column":63}},"15":{"start":{"line":37,"column":6},"end":{"line":37,"column":41}},"16":{"start":{"line":41,"column":2},"end":{"line":54,"column":16}},"17":{"start":{"line":42,"column":22},"end":{"line":52,"column":5}},"18":{"start":{"line":43,"column":20},"end":{"line":43,"column":49}},"19":{"start":{"line":44,"column":6},"end":{"line":44,"column":26}},"20":{"start":{"line":45,"column":6},"end":{"line":50,"column":7}},"21":{"start":{"line":46,"column":24},"end":{"line":46,"column":55}},"22":{"start":{"line":47,"column":8},"end":{"line":47,"column":32}},"23":{"start":{"line":49,"column":8},"end":{"line":49,"column":61}},"24":{"start":{"line":51,"column":6},"end":{"line":51,"column":34}},"25":{"start":{"line":53,"column":4},"end":{"line":53,"column":16}},"26":{"start":{"line":56,"column":28},"end":{"line":61,"column":3}},"27":{"start":{"line":57,"column":4},"end":{"line":57,"column":26}},"28":{"start":{"line":58,"column":4},"end":{"line":58,"column":48}},"29":{"start":{"line":63,"column":25},"end":{"line":72,"column":3}},"30":{"start":{"line":64,"column":4},"end":{"line":71,"column":5}},"31":{"start":{"line":65,"column":28},"end":{"line":65,"column":98}},"32":{"start":{"line":66,"column":24},"end":{"line":66,"column":55}},"33":{"start":{"line":67,"column":21},"end":{"line":67,"column":37}},"34":{"start":{"line":68,"column":6},"end":{"line":68,"column":24}},"35":{"start":{"line":70,"column":6},"end":{"line":70,"column":51}},"36":{"start":{"line":74,"column":20},"end":{"line":85,"column":3}},"37":{"start":{"line":75,"column":4},"end":{"line":84,"column":5}},"38":{"start":{"line":76,"column":23},"end":{"line":76,"column":83}},"39":{"start":{"line":77,"column":19},"end":{"line":77,"column":40}},"40":{"start":{"line":78,"column":23},"end":{"line":78,"column":36}},"41":{"start":{"line":79,"column":26},"end":{"line":79,"column":42}},"42":{"start":{"line":80,"column":6},"end":{"line":80,"column":28}},"43":{"start":{"line":81,"column":6},"end":{"line":81,"column":34}},"44":{"start":{"line":83,"column":6},"end":{"line":83,"column":51}},"45":{"start":{"line":87,"column":28},"end":{"line":129,"column":3}},"46":{"start":{"line":88,"column":4},"end":{"line":128,"column":7}},"47":{"start":{"line":90,"column":23},"end":{"line":90,"column":69}},"48":{"start":{"line":90,"column":43},"end":{"line":90,"column":68}},"49":{"start":{"line":91,"column":23},"end":{"line":91,"column":63}},"50":{"start":{"line":93,"column":24},"end":{"line":93,"column":50}},"51":{"start":{"line":94,"column":25},"end":{"line":94,"column":45}},"52":{"start":{"line":96,"column":6},"end":{"line":98,"column":7}},"53":{"start":{"line":97,"column":8},"end":{"line":97,"column":20}},"54":{"start":{"line":100,"column":26},"end":{"line":100,"column":85}},"55":{"start":{"line":102,"column":6},"end":{"line":127,"column":8}},"56":{"start":{"line":115,"column":95},"end":{"line":115,"column":120}},"57":{"start":{"line":117,"column":92},"end":{"line":117,"column":116}},"58":{"start":{"line":151,"column":20},"end":{"line":174,"column":3}},"59":{"start":{"line":152,"column":32},"end":{"line":152,"column":94}},"60":{"start":{"line":152,"column":61},"end":{"line":152,"column":90}},"61":{"start":{"line":153,"column":30},"end":{"line":153,"column":81}},"62":{"start":{"line":153,"column":55},"end":{"line":153,"column":80}},"63":{"start":{"line":155,"column":4},"end":{"line":173,"column":5}},"64":{"start":{"line":156,"column":26},"end":{"line":156,"column":35}},"65":{"start":{"line":157,"column":24},"end":{"line":157,"column":87}},"66":{"start":{"line":160,"column":6},"end":{"line":162,"column":7}},"67":{"start":{"line":161,"column":8},"end":{"line":161,"column":98}},"68":{"start":{"line":164,"column":6},"end":{"line":164,"column":90}},"69":{"start":{"line":166,"column":6},"end":{"line":168,"column":7}},"70":{"start":{"line":167,"column":8},"end":{"line":167,"column":49}},"71":{"start":{"line":169,"column":6},"end":{"line":169,"column":27}},"72":{"start":{"line":170,"column":11},"end":{"line":173,"column":5}},"73":{"start":{"line":171,"column":23},"end":{"line":171,"column":71}},"74":{"start":{"line":172,"column":6},"end":{"line":172,"column":98}},"75":{"start":{"line":178,"column":31},"end":{"line":178,"column":111}},"76":{"start":{"line":178,"column":62},"end":{"line":178,"column":110}},"77":{"start":{"line":180,"column":2},"end":{"line":182,"column":3}},"78":{"start":{"line":181,"column":4},"end":{"line":181,"column":23}},"79":{"start":{"line":184,"column":2},"end":{"line":239,"column":4}},"80":{"start":{"line":198,"column":28},"end":{"line":198,"column":50}}},"fnMap":{"0":{"name":"(anonymous_0)","decl":{"start":{"line":15,"column":17},"end":{"line":15,"column":18}},"loc":{"start":{"line":15,"column":23},"end":{"line":240,"column":1}},"line":15},"1":{"name":"(anonymous_1)","decl":{"start":{"line":30,"column":12},"end":{"line":30,"column":13}},"loc":{"start":{"line":30,"column":18},"end":{"line":32,"column":3}},"line":30},"2":{"name":"(anonymous_2)","decl":{"start":{"line":34,"column":12},"end":{"line":34,"column":13}},"loc":{"start":{"line":34,"column":18},"end":{"line":39,"column":3}},"line":34},"3":{"name":"(anonymous_3)","decl":{"start":{"line":41,"column":12},"end":{"line":41,"column":13}},"loc":{"start":{"line":41,"column":18},"end":{"line":54,"column":3}},"line":41},"4":{"name":"(anonymous_4)","decl":{"start":{"line":42,"column":22},"end":{"line":42,"column":23}},"loc":{"start":{"line":42,"column":34},"end":{"line":52,"column":5}},"line":42},"5":{"name":"(anonymous_5)","decl":{"start":{"line":56,"column":28},"end":{"line":56,"column":29}},"loc":{"start":{"line":56,"column":44},"end":{"line":61,"column":3}},"line":56},"6":{"name":"(anonymous_6)","decl":{"start":{"line":63,"column":25},"end":{"line":63,"column":26}},"loc":{"start":{"line":63,"column":48},"end":{"line":72,"column":3}},"line":63},"7":{"name":"(anonymous_7)","decl":{"start":{"line":74,"column":20},"end":{"line":74,"column":21}},"loc":{"start":{"line":74,"column":38},"end":{"line":85,"column":3}},"line":74},"8":{"name":"(anonymous_8)","decl":{"start":{"line":87,"column":28},"end":{"line":87,"column":29}},"loc":{"start":{"line":87,"column":34},"end":{"line":129,"column":3}},"line":87},"9":{"name":"(anonymous_9)","decl":{"start":{"line":88,"column":27},"end":{"line":88,"column":28}},"loc":{"start":{"line":88,"column":43},"end":{"line":128,"column":5}},"line":88},"10":{"name":"(anonymous_10)","decl":{"start":{"line":90,"column":33},"end":{"line":90,"column":34}},"loc":{"start":{"line":90,"column":43},"end":{"line":90,"column":68}},"line":90},"11":{"name":"(anonymous_11)","decl":{"start":{"line":115,"column":89},"end":{"line":115,"column":90}},"loc":{"start":{"line":115,"column":95},"end":{"line":115,"column":120}},"line":115},"12":{"name":"(anonymous_12)","decl":{"start":{"line":117,"column":86},"end":{"line":117,"column":87}},"loc":{"start":{"line":117,"column":92},"end":{"line":117,"column":116}},"line":117},"13":{"name":"(anonymous_13)","decl":{"start":{"line":151,"column":20},"end":{"line":151,"column":21}},"loc":{"start":{"line":151,"column":51},"end":{"line":174,"column":3}},"line":151},"14":{"name":"(anonymous_14)","decl":{"start":{"line":152,"column":44},"end":{"line":152,"column":45}},"loc":{"start":{"line":152,"column":61},"end":{"line":152,"column":90}},"line":152},"15":{"name":"(anonymous_15)","decl":{"start":{"line":153,"column":45},"end":{"line":153,"column":46}},"loc":{"start":{"line":153,"column":55},"end":{"line":153,"column":80}},"line":153},"16":{"name":"(anonymous_16)","decl":{"start":{"line":178,"column":48},"end":{"line":178,"column":49}},"loc":{"start":{"line":178,"column":62},"end":{"line":178,"column":110}},"line":178},"17":{"name":"(anonymous_17)","decl":{"start":{"line":198,"column":22},"end":{"line":198,"column":23}},"loc":{"start":{"line":198,"column":28},"end":{"line":198,"column":50}},"line":198}},"branchMap":{"0":{"loc":{"start":{"line":35,"column":4},"end":{"line":38,"column":5}},"type":"if","locations":[{"start":{"line":35,"column":4},"end":{"line":38,"column":5}},{"start":{},"end":{}}],"line":35},"1":{"loc":{"start":{"line":35,"column":8},"end":{"line":35,"column":44}},"type":"binary-expr","locations":[{"start":{"line":35,"column":8},"end":{"line":35,"column":17}},{"start":{"line":35,"column":21},"end":{"line":35,"column":44}}],"line":35},"2":{"loc":{"start":{"line":91,"column":23},"end":{"line":91,"column":63}},"type":"cond-expr","locations":[{"start":{"line":91,"column":34},"end":{"line":91,"column":59}},{"start":{"line":91,"column":62},"end":{"line":91,"column":63}}],"line":91},"3":{"loc":{"start":{"line":96,"column":6},"end":{"line":98,"column":7}},"type":"if","locations":[{"start":{"line":96,"column":6},"end":{"line":98,"column":7}},{"start":{},"end":{}}],"line":96},"4":{"loc":{"start":{"line":100,"column":26},"end":{"line":100,"column":85}},"type":"cond-expr","locations":[{"start":{"line":100,"column":38},"end":{"line":100,"column":80}},{"start":{"line":100,"column":83},"end":{"line":100,"column":85}}],"line":100},"5":{"loc":{"start":{"line":113,"column":15},"end":{"line":123,"column":15}},"type":"cond-expr","locations":[{"start":{"line":114,"column":16},"end":{"line":118,"column":22}},{"start":{"line":120,"column":16},"end":{"line":122,"column":22}}],"line":113},"6":{"loc":{"start":{"line":113,"column":15},"end":{"line":113,"column":63}},"type":"binary-expr","locations":[{"start":{"line":113,"column":15},"end":{"line":113,"column":34}},{"start":{"line":113,"column":38},"end":{"line":113,"column":63}}],"line":113},"7":{"loc":{"start":{"line":155,"column":4},"end":{"line":173,"column":5}},"type":"if","locations":[{"start":{"line":155,"column":4},"end":{"line":173,"column":5}},{"start":{"line":170,"column":11},"end":{"line":173,"column":5}}],"line":155},"8":{"loc":{"start":{"line":160,"column":6},"end":{"line":162,"column":7}},"type":"if","locations":[{"start":{"line":160,"column":6},"end":{"line":162,"column":7}},{"start":{},"end":{}}],"line":160},"9":{"loc":{"start":{"line":164,"column":56},"end":{"line":164,"column":89}},"type":"cond-expr","locations":[{"start":{"line":164,"column":74},"end":{"line":164,"column":85}},{"start":{"line":164,"column":88},"end":{"line":164,"column":89}}],"line":164},"10":{"loc":{"start":{"line":166,"column":6},"end":{"line":168,"column":7}},"type":"if","locations":[{"start":{"line":166,"column":6},"end":{"line":168,"column":7}},{"start":{},"end":{}}],"line":166},"11":{"loc":{"start":{"line":170,"column":11},"end":{"line":173,"column":5}},"type":"if","locations":[{"start":{"line":170,"column":11},"end":{"line":173,"column":5}},{"start":{},"end":{}}],"line":170},"12":{"loc":{"start":{"line":170,"column":15},"end":{"line":170,"column":59}},"type":"binary-expr","locations":[{"start":{"line":170,"column":15},"end":{"line":170,"column":32}},{"start":{"line":170,"column":36},"end":{"line":170,"column":59}}],"line":170},"13":{"loc":{"start":{"line":178,"column":62},"end":{"line":178,"column":110}},"type":"binary-expr","locations":[{"start":{"line":178,"column":62},"end":{"line":178,"column":81}},{"start":{"line":178,"column":85},"end":{"line":178,"column":110}}],"line":178},"14":{"loc":{"start":{"line":180,"column":2},"end":{"line":182,"column":3}},"type":"if","locations":[{"start":{"line":180,"column":2},"end":{"line":182,"column":3}},{"start":{},"end":{}}],"line":180},"15":{"loc":{"start":{"line":194,"column":11},"end":{"line":201,"column":11}},"type":"binary-expr","locations":[{"start":{"line":194,"column":11},"end":{"line":194,"column":24}},{"start":{"line":195,"column":12},"end":{"line":200,"column":29}}],"line":194},"16":{"loc":{"start":{"line":205,"column":10},"end":{"line":209,"column":18}},"type":"cond-expr","locations":[{"start":{"line":206,"column":12},"end":{"line":208,"column":15}},{"start":{"line":209,"column":14},"end":{"line":209,"column":18}}],"line":205},"17":{"loc":{"start":{"line":213,"column":10},"end":{"line":217,"column":11}},"type":"cond-expr","locations":[{"start":{"line":214,"column":12},"end":{"line":214,"column":79}},{"start":{"line":216,"column":12},"end":{"line":216,"column":84}}],"line":213},"18":{"loc":{"start":{"line":222,"column":10},"end":{"line":226,"column":11}},"type":"binary-expr","locations":[{"start":{"line":222,"column":10},"end":{"line":222,"column":22}},{"start":{"line":223,"column":12},"end":{"line":225,"column":18}}],"line":222},"19":{"loc":{"start":{"line":229,"column":10},"end":{"line":234,"column":11}},"type":"binary-expr","locations":[{"start":{"line":229,"column":10},"end":{"line":229,"column":21}},{"start":{"line":230,"column":12},"end":{"line":233,"column":18}}],"line":229}},"s":{"0":0,"1":0,"2":0,"3":0,"4":0,"5":0,"6":0,"7":0,"8":0,"9":0,"10":0,"11":0,"12":0,"13":0,"14":0,"15":0,"16":0,"17":0,"18":0,"19":0,"20":0,"21":0,"22":0,"23":0,"24":0,"25":0,"26":0,"27":0,"28":0,"29":0,"30":0,"31":0,"32":0,"33":0,"34":0,"35":0,"36":0,"37":0,"38":0,"39":0,"40":0,"41":0,"42":0,"43":0,"44":0,"45":0,"46":0,"47":0,"48":0,"49":0,"50":0,"51":0,"52":0,"53":0,"54":0,"55":0,"56":0,"57":0,"58":0,"59":0,"60":0,"61":0,"62":0,"63":0,"64":0,"65":0,"66":0,"67":0,"68":0,"69":0,"70":0,"71":0,"72":0,"73":0,"74":0,"75":0,"76":0,"77":0,"78":0,"79":0,"80":0},"f":{"0":0,"1":0,"2":0,"3":0,"4":0,"5":0,"6":0,"7":0,"8":0,"9":0,"10":0,"11":0,"12":0,"13":0,"14":0,"15":0,"16":0,"17":0},"b":{"0":[0,0],"1":[0,0],"2":[0,0],"3":[0,0],"4":[0,0],"5":[0,0],"6":[0,0],"7":[0,0],"8":[0,0],"9":[0,0],"10":[0,0],"11":[0,0],"12":[0,0],"13":[0,0],"14":[0,0],"15":[0,0],"16":[0,0],"17":[0,0],"18":[0,0],"19":[0,0]}}
,"C:\\Projects\\Melo\\src\\components\\Charts.jsx": {"path":"C:\\Projects\\Melo\\src\\components\\Charts.jsx","statementMap":{"0":{"start":{"line":24,"column":15},"end":{"line":506,"column":1}},"1":{"start":{"line":26,"column":19},"end":{"line":26,"column":29}},"2":{"start":{"line":28,"column":40},"end":{"line":28,"column":55}},"3":{"start":{"line":29,"column":52},"end":{"line":29,"column":66}},"4":{"start":{"line":30,"column":48},"end":{"line":30,"column":62}},"5":{"start":{"line":31,"column":50},"end":{"line":31,"column":64}},"6":{"start":{"line":34,"column":27},"end":{"line":37,"column":3}},"7":{"start":{"line":35,"column":4},"end":{"line":35,"column":86}},"8":{"start":{"line":36,"column":4},"end":{"line":36,"column":25}},"9":{"start":{"line":39,"column":32},"end":{"line":71,"column":3}},"10":{"start":{"line":40,"column":24},"end":{"line":40,"column":26}},"11":{"start":{"line":42,"column":4},"end":{"line":49,"column":7}},"12":{"start":{"line":43,"column":24},"end":{"line":43,"column":47}},"13":{"start":{"line":44,"column":6},"end":{"line":48,"column":7}},"14":{"start":{"line":45,"column":8},"end":{"line":45,"column":36}},"15":{"start":{"line":47,"column":8},"end":{"line":47,"column":35}},"16":{"start":{"line":51,"column":17},"end":{"line":68,"column":5}},"17":{"start":{"line":70,"column":4},"end":{"line":70,"column":16}},"18":{"start":{"line":73,"column":25},"end":{"line":81,"column":3}},"19":{"start":{"line":83,"column":19},"end":{"line":88,"column":3}},"20":{"start":{"line":90,"column":29},"end":{"line":93,"column":3}},"21":{"start":{"line":95,"column":21},"end":{"line":104,"column":3}},"22":{"start":{"line":106,"column":24},"end":{"line":118,"column":3}},"23":{"start":{"line":120,"column":21},"end":{"line":123,"column":3}},"24":{"start":{"line":125,"column":30},"end":{"line":125,"column":42}},"25":{"start":{"line":126,"column":38},"end":{"line":126,"column":50}},"26":{"start":{"line":127,"column":34},"end":{"line":127,"column":48}},"27":{"start":{"line":128,"column":38},"end":{"line":128,"column":52}},"28":{"start":{"line":129,"column":46},"end":{"line":129,"column":60}},"29":{"start":{"line":131,"column":22},"end":{"line":316,"column":3}},"30":{"start":{"line":132,"column":4},"end":{"line":315,"column":5}},"31":{"start":{"line":133,"column":25},"end":{"line":133,"column":72}},"32":{"start":{"line":134,"column":25},"end":{"line":134,"column":57}},"33":{"start":{"line":135,"column":31},"end":{"line":135,"column":86}},"34":{"start":{"line":135,"column":60},"end":{"line":135,"column":85}},"35":{"start":{"line":138,"column":30},"end":{"line":138,"column":79}},"36":{"start":{"line":139,"column":30},"end":{"line":139,"column":69}},"37":{"start":{"line":142,"column":29},"end":{"line":142,"column":77}},"38":{"start":{"line":143,"column":29},"end":{"line":143,"column":66}},"39":{"start":{"line":147,"column":33},"end":{"line":151,"column":8}},"40":{"start":{"line":148,"column":30},"end":{"line":148,"column":136}},"41":{"start":{"line":148,"column":66},"end":{"line":148,"column":135}},"42":{"start":{"line":149,"column":28},"end":{"line":149,"column":106}},"43":{"start":{"line":149,"column":67},"end":{"line":149,"column":102}},"44":{"start":{"line":150,"column":8},"end":{"line":150,"column":41}},"45":{"start":{"line":154,"column":24},"end":{"line":154,"column":26}},"46":{"start":{"line":155,"column":6},"end":{"line":159,"column":7}},"47":{"start":{"line":155,"column":19},"end":{"line":155,"column":20}},"48":{"start":{"line":156,"column":21},"end":{"line":156,"column":31}},"49":{"start":{"line":157,"column":8},"end":{"line":157,"column":41}},"50":{"start":{"line":158,"column":8},"end":{"line":158,"column":56}},"51":{"start":{"line":162,"column":35},"end":{"line":173,"column":8}},"52":{"start":{"line":163,"column":28},"end":{"line":171,"column":13}},"53":{"start":{"line":164,"column":32},"end":{"line":168,"column":11}},"54":{"start":{"line":165,"column":12},"end":{"line":167,"column":52}},"55":{"start":{"line":169,"column":35},"end":{"line":169,"column":123}},"56":{"start":{"line":169,"column":79},"end":{"line":169,"column":119}},"57":{"start":{"line":170,"column":10},"end":{"line":170,"column":40}},"58":{"start":{"line":172,"column":8},"end":{"line":172,"column":27}},"59":{"start":{"line":176,"column":33},"end":{"line":176,"column":72}},"60":{"start":{"line":177,"column":6},"end":{"line":177,"column":61}},"61":{"start":{"line":178,"column":6},"end":{"line":178,"column":44}},"62":{"start":{"line":180,"column":24},"end":{"line":180,"column":99}},"63":{"start":{"line":180,"column":79},"end":{"line":180,"column":96}},"64":{"start":{"line":181,"column":29},"end":{"line":181,"column":64}},"65":{"start":{"line":183,"column":30},"end":{"line":206,"column":7}},"66":{"start":{"line":208,"column":31},"end":{"line":232,"column":7}},"67":{"start":{"line":235,"column":6},"end":{"line":235,"column":42}},"68":{"start":{"line":236,"column":6},"end":{"line":236,"column":44}},"69":{"start":{"line":261,"column":28},"end":{"line":274,"column":7}},"70":{"start":{"line":276,"column":6},"end":{"line":276,"column":33}},"71":{"start":{"line":278,"column":30},"end":{"line":278,"column":80}},"72":{"start":{"line":278,"column":64},"end":{"line":278,"column":79}},"73":{"start":{"line":279,"column":6},"end":{"line":279,"column":37}},"74":{"start":{"line":280,"column":6},"end":{"line":280,"column":36}},"75":{"start":{"line":283,"column":36},"end":{"line":289,"column":8}},"76":{"start":{"line":284,"column":30},"end":{"line":284,"column":95}},"77":{"start":{"line":284,"column":66},"end":{"line":284,"column":94}},"78":{"start":{"line":285,"column":39},"end":{"line":287,"column":16}},"79":{"start":{"line":286,"column":23},"end":{"line":286,"column":60}},"80":{"start":{"line":288,"column":8},"end":{"line":288,"column":52}},"81":{"start":{"line":292,"column":32},"end":{"line":296,"column":8}},"82":{"start":{"line":293,"column":29},"end":{"line":293,"column":91}},"83":{"start":{"line":293,"column":63},"end":{"line":293,"column":90}},"84":{"start":{"line":294,"column":28},"end":{"line":294,"column":47}},"85":{"start":{"line":295,"column":8},"end":{"line":295,"column":41}},"86":{"start":{"line":299,"column":20},"end":{"line":308,"column":7}},"87":{"start":{"line":300,"column":49},"end":{"line":300,"column":64}},"88":{"start":{"line":303,"column":51},"end":{"line":303,"column":68}},"89":{"start":{"line":311,"column":6},"end":{"line":311,"column":27}},"90":{"start":{"line":314,"column":6},"end":{"line":314,"column":29}},"91":{"start":{"line":318,"column":2},"end":{"line":320,"column":9}},"92":{"start":{"line":319,"column":4},"end":{"line":319,"column":18}},"93":{"start":{"line":322,"column":2},"end":{"line":334,"column":4}},"94":{"start":{"line":336,"column":16},"end":{"line":336,"column":26}},"95":{"start":{"line":338,"column":19},"end":{"line":361,"column":3}},"96":{"start":{"line":363,"column":15},"end":{"line":372,"column":3}},"97":{"start":{"line":368,"column":36},"end":{"line":368,"column":53}},"98":{"start":{"line":374,"column":22},"end":{"line":399,"column":3}},"99":{"start":{"line":401,"column":19},"end":{"line":404,"column":3}},"100":{"start":{"line":406,"column":24},"end":{"line":436,"column":3}},"101":{"start":{"line":438,"column":2},"end":{"line":505,"column":4}},"102":{"start":{"line":453,"column":80},"end":{"line":453,"column":123}},"103":{"start":{"line":464,"column":84},"end":{"line":464,"column":131}},"104":{"start":{"line":477,"column":77},"end":{"line":477,"column":122}},"105":{"start":{"line":489,"column":93},"end":{"line":489,"column":152}},"106":{"start":{"line":500,"column":34},"end":{"line":500,"column":55}},"107":{"start":{"line":508,"column":14},"end":{"line":581,"column":1}},"108":{"start":{"line":509,"column":26},"end":{"line":522,"column":3}},"109":{"start":{"line":523,"column":2},"end":{"line":580,"column":4}}},"fnMap":{"0":{"name":"(anonymous_0)","decl":{"start":{"line":24,"column":15},"end":{"line":24,"column":16}},"loc":{"start":{"line":24,"column":21},"end":{"line":506,"column":1}},"line":24},"1":{"name":"(anonymous_1)","decl":{"start":{"line":34,"column":27},"end":{"line":34,"column":28}},"loc":{"start":{"line":34,"column":67},"end":{"line":37,"column":3}},"line":34},"2":{"name":"(anonymous_2)","decl":{"start":{"line":39,"column":32},"end":{"line":39,"column":33}},"loc":{"start":{"line":39,"column":44},"end":{"line":71,"column":3}},"line":39},"3":{"name":"(anonymous_3)","decl":{"start":{"line":42,"column":19},"end":{"line":42,"column":20}},"loc":{"start":{"line":42,"column":30},"end":{"line":49,"column":5}},"line":42},"4":{"name":"(anonymous_4)","decl":{"start":{"line":131,"column":22},"end":{"line":131,"column":23}},"loc":{"start":{"line":131,"column":34},"end":{"line":316,"column":3}},"line":131},"5":{"name":"(anonymous_5)","decl":{"start":{"line":135,"column":49},"end":{"line":135,"column":50}},"loc":{"start":{"line":135,"column":60},"end":{"line":135,"column":85}},"line":135},"6":{"name":"(anonymous_6)","decl":{"start":{"line":147,"column":54},"end":{"line":147,"column":55}},"loc":{"start":{"line":147,"column":65},"end":{"line":151,"column":7}},"line":147},"7":{"name":"(anonymous_7)","decl":{"start":{"line":148,"column":53},"end":{"line":148,"column":54}},"loc":{"start":{"line":148,"column":66},"end":{"line":148,"column":135}},"line":148},"8":{"name":"(anonymous_8)","decl":{"start":{"line":149,"column":49},"end":{"line":149,"column":50}},"loc":{"start":{"line":149,"column":67},"end":{"line":149,"column":102}},"line":149},"9":{"name":"(anonymous_9)","decl":{"start":{"line":162,"column":49},"end":{"line":162,"column":50}},"loc":{"start":{"line":162,"column":58},"end":{"line":173,"column":7}},"line":162},"10":{"name":"(anonymous_10)","decl":{"start":{"line":163,"column":54},"end":{"line":163,"column":55}},"loc":{"start":{"line":163,"column":70},"end":{"line":171,"column":9}},"line":163},"11":{"name":"(anonymous_11)","decl":{"start":{"line":164,"column":55},"end":{"line":164,"column":56}},"loc":{"start":{"line":165,"column":12},"end":{"line":167,"column":52}},"line":165},"12":{"name":"(anonymous_12)","decl":{"start":{"line":169,"column":56},"end":{"line":169,"column":57}},"loc":{"start":{"line":169,"column":79},"end":{"line":169,"column":119}},"line":169},"13":{"name":"(anonymous_13)","decl":{"start":{"line":180,"column":70},"end":{"line":180,"column":71}},"loc":{"start":{"line":180,"column":79},"end":{"line":180,"column":96}},"line":180},"14":{"name":"(anonymous_14)","decl":{"start":{"line":278,"column":53},"end":{"line":278,"column":54}},"loc":{"start":{"line":278,"column":64},"end":{"line":278,"column":79}},"line":278},"15":{"name":"(anonymous_15)","decl":{"start":{"line":283,"column":57},"end":{"line":283,"column":58}},"loc":{"start":{"line":283,"column":68},"end":{"line":289,"column":7}},"line":283},"16":{"name":"(anonymous_16)","decl":{"start":{"line":284,"column":53},"end":{"line":284,"column":54}},"loc":{"start":{"line":284,"column":66},"end":{"line":284,"column":94}},"line":284},"17":{"name":"(anonymous_17)","decl":{"start":{"line":286,"column":10},"end":{"line":286,"column":11}},"loc":{"start":{"line":286,"column":23},"end":{"line":286,"column":60}},"line":286},"18":{"name":"(anonymous_18)","decl":{"start":{"line":292,"column":53},"end":{"line":292,"column":54}},"loc":{"start":{"line":292,"column":64},"end":{"line":296,"column":7}},"line":292},"19":{"name":"(anonymous_19)","decl":{"start":{"line":293,"column":51},"end":{"line":293,"column":52}},"loc":{"start":{"line":293,"column":63},"end":{"line":293,"column":90}},"line":293},"20":{"name":"(anonymous_20)","decl":{"start":{"line":300,"column":38},"end":{"line":300,"column":39}},"loc":{"start":{"line":300,"column":49},"end":{"line":300,"column":64}},"line":300},"21":{"name":"(anonymous_21)","decl":{"start":{"line":303,"column":40},"end":{"line":303,"column":41}},"loc":{"start":{"line":303,"column":51},"end":{"line":303,"column":68}},"line":303},"22":{"name":"(anonymous_22)","decl":{"start":{"line":318,"column":12},"end":{"line":318,"column":13}},"loc":{"start":{"line":318,"column":18},"end":{"line":320,"column":3}},"line":318},"23":{"name":"(anonymous_23)","decl":{"start":{"line":368,"column":25},"end":{"line":368,"column":26}},"loc":{"start":{"line":368,"column":36},"end":{"line":368,"column":53}},"line":368},"24":{"name":"(anonymous_24)","decl":{"start":{"line":453,"column":74},"end":{"line":453,"column":75}},"loc":{"start":{"line":453,"column":80},"end":{"line":453,"column":123}},"line":453},"25":{"name":"(anonymous_25)","decl":{"start":{"line":464,"column":78},"end":{"line":464,"column":79}},"loc":{"start":{"line":464,"column":84},"end":{"line":464,"column":131}},"line":464},"26":{"name":"(anonymous_26)","decl":{"start":{"line":477,"column":71},"end":{"line":477,"column":72}},"loc":{"start":{"line":477,"column":77},"end":{"line":477,"column":122}},"line":477},"27":{"name":"(anonymous_27)","decl":{"start":{"line":489,"column":87},"end":{"line":489,"column":88}},"loc":{"start":{"line":489,"column":93},"end":{"line":489,"column":152}},"line":489},"28":{"name":"(anonymous_28)","decl":{"start":{"line":500,"column":28},"end":{"line":500,"column":29}},"loc":{"start":{"line":500,"column":34},"end":{"line":500,"column":55}},"line":500},"29":{"name":"(anonymous_29)","decl":{"start":{"line":508,"column":14},"end":{"line":508,"column":15}},"loc":{"start":{"line":508,"column":50},"end":{"line":581,"column":1}},"line":508}},"branchMap":{"0":{"loc":{"start":{"line":44,"column":6},"end":{"line":48,"column":7}},"type":"if","locations":[{"start":{"line":44,"column":6},"end":{"line":48,"column":7}},{"start":{"line":46,"column":13},"end":{"line":48,"column":7}}],"line":44},"1":{"loc":{"start":{"line":148,"column":66},"end":{"line":148,"column":135}},"type":"binary-expr","locations":[{"start":{"line":148,"column":66},"end":{"line":148,"column":94}},{"start":{"line":148,"column":98},"end":{"line":148,"column":135}}],"line":148},"2":{"loc":{"start":{"line":165,"column":12},"end":{"line":167,"column":52}},"type":"binary-expr","locations":[{"start":{"line":165,"column":12},"end":{"line":165,"column":40}},{"start":{"line":166,"column":12},"end":{"line":166,"column":49}},{"start":{"line":167,"column":12},"end":{"line":167,"column":52}}],"line":165},"3":{"loc":{"start":{"line":451,"column":17},"end":{"line":455,"column":17}},"type":"binary-expr","locations":[{"start":{"line":451,"column":17},"end":{"line":451,"column":27}},{"start":{"line":452,"column":18},"end":{"line":454,"column":24}}],"line":451},"4":{"loc":{"start":{"line":462,"column":17},"end":{"line":466,"column":17}},"type":"binary-expr","locations":[{"start":{"line":462,"column":17},"end":{"line":462,"column":25}},{"start":{"line":463,"column":18},"end":{"line":465,"column":24}}],"line":462},"5":{"loc":{"start":{"line":475,"column":17},"end":{"line":479,"column":17}},"type":"binary-expr","locations":[{"start":{"line":475,"column":17},"end":{"line":475,"column":27}},{"start":{"line":476,"column":18},"end":{"line":478,"column":24}}],"line":475},"6":{"loc":{"start":{"line":486,"column":17},"end":{"line":492,"column":17}},"type":"binary-expr","locations":[{"start":{"line":486,"column":17},"end":{"line":486,"column":31}},{"start":{"line":487,"column":18},"end":{"line":491,"column":24}}],"line":486},"7":{"loc":{"start":{"line":499,"column":11},"end":{"line":501,"column":11}},"type":"binary-expr","locations":[{"start":{"line":499,"column":11},"end":{"line":499,"column":22}},{"start":{"line":500,"column":12},"end":{"line":500,"column":97}}],"line":499},"8":{"loc":{"start":{"line":550,"column":9},"end":{"line":555,"column":9}},"type":"binary-expr","locations":[{"start":{"line":550,"column":9},"end":{"line":550,"column":26}},{"start":{"line":550,"column":30},"end":{"line":550,"column":62}},{"start":{"line":551,"column":10},"end":{"line":554,"column":16}}],"line":550},"9":{"loc":{"start":{"line":556,"column":9},"end":{"line":561,"column":9}},"type":"binary-expr","locations":[{"start":{"line":556,"column":9},"end":{"line":556,"column":26}},{"start":{"line":556,"column":30},"end":{"line":556,"column":63}},{"start":{"line":557,"column":10},"end":{"line":560,"column":16}}],"line":556},"10":{"loc":{"start":{"line":562,"column":9},"end":{"line":567,"column":9}},"type":"binary-expr","locations":[{"start":{"line":562,"column":9},"end":{"line":562,"column":26}},{"start":{"line":562,"column":30},"end":{"line":562,"column":62}},{"start":{"line":563,"column":10},"end":{"line":566,"column":16}}],"line":562},"11":{"loc":{"start":{"line":568,"column":9},"end":{"line":573,"column":9}},"type":"binary-expr","locations":[{"start":{"line":568,"column":9},"end":{"line":568,"column":26}},{"start":{"line":568,"column":30},"end":{"line":568,"column":67}},{"start":{"line":569,"column":10},"end":{"line":572,"column":16}}],"line":568}},"s":{"0":0,"1":0,"2":0,"3":0,"4":0,"5":0,"6":0,"7":0,"8":0,"9":0,"10":0,"11":0,"12":0,"13":0,"14":0,"15":0,"16":0,"17":0,"18":0,"19":0,"20":0,"21":0,"22":0,"23":0,"24":0,"25":0,"26":0,"27":0,"28":0,"29":0,"30":0,"31":0,"32":0,"33":0,"34":0,"35":0,"36":0,"37":0,"38":0,"39":0,"40":0,"41":0,"42":0,"43":0,"44":0,"45":0,"46":0,"47":0,"48":0,"49":0,"50":0,"51":0,"52":0,"53":0,"54":0,"55":0,"56":0,"57":0,"58":0,"59":0,"60":0,"61":0,"62":0,"63":0,"64":0,"65":0,"66":0,"67":0,"68":0,"69":0,"70":0,"71":0,"72":0,"73":0,"74":0,"75":0,"76":0,"77":0,"78":0,"79":0,"80":0,"81":0,"82":0,"83":0,"84":0,"85":0,"86":0,"87":0,"88":0,"89":0,"90":0,"91":0,"92":0,"93":0,"94":0,"95":0,"96":0,"97":0,"98":0,"99":0,"100":0,"101":0,"102":0,"103":0,"104":0,"105":0,"106":0,"107":0,"108":0,"109":0},"f":{"0":0,"1":0,"2":0,"3":0,"4":0,"5":0,"6":0,"7":0,"8":0,"9":0,"10":0,"11":0,"12":0,"13":0,"14":0,"15":0,"16":0,"17":0,"18":0,"19":0,"20":0,"21":0,"22":0,"23":0,"24":0,"25":0,"26":0,"27":0,"28":0,"29":0},"b":{"0":[0,0],"1":[0,0],"2":[0,0,0],"3":[0,0],"4":[0,0],"5":[0,0],"6":[0,0],"7":[0,0],"8":[0,0,0],"9":[0,0,0],"10":[0,0,0],"11":[0,0,0]}}
,"C:\\Projects\\Melo\\src\\components\\CheckoutMercadoPago.jsx": {"path":"C:\\Projects\\Melo\\src\\components\\CheckoutMercadoPago.jsx","statementMap":{"0":{"start":{"line":8,"column":17},"end":{"line":8,"column":26}},"1":{"start":{"line":9,"column":20},"end":{"line":9,"column":32}},"2":{"start":{"line":10,"column":18},"end":{"line":10,"column":28}},"3":{"start":{"line":11,"column":16},"end":{"line":11,"column":24}},"4":{"start":{"line":13,"column":21},"end":{"line":13,"column":41}},"5":{"start":{"line":14,"column":21},"end":{"line":14,"column":41}},"6":{"start":{"line":15,"column":26},"end":{"line":15,"column":51}},"7":{"start":{"line":16,"column":22},"end":{"line":16,"column":28}},"8":{"start":{"line":17,"column":25},"end":{"line":17,"column":28}},"9":{"start":{"line":19,"column":31},"end":{"line":30,"column":5}},"10":{"start":{"line":32,"column":4},"end":{"line":32,"column":85}},"11":{"start":{"line":34,"column":4},"end":{"line":43,"column":5}},"12":{"start":{"line":35,"column":23},"end":{"line":37,"column":10}},"13":{"start":{"line":38,"column":8},"end":{"line":38,"column":45}},"14":{"start":{"line":39,"column":29},"end":{"line":39,"column":43}},"15":{"start":{"line":40,"column":8},"end":{"line":40,"column":44}},"16":{"start":{"line":42,"column":8},"end":{"line":42,"column":51}},"17":{"start":{"line":46,"column":20},"end":{"line":46,"column":95}},"18":{"start":{"line":47,"column":8},"end":{"line":47,"column":35}}},"fnMap":{"0":{"name":"handleCheckoutMP","decl":{"start":{"line":6,"column":15},"end":{"line":6,"column":31}},"loc":{"start":{"line":6,"column":61},"end":{"line":49,"column":1}},"line":6},"1":{"name":"redirectToMercadoPago","decl":{"start":{"line":45,"column":13},"end":{"line":45,"column":34}},"loc":{"start":{"line":45,"column":47},"end":{"line":48,"column":5}},"line":45}},"branchMap":{},"s":{"0":0,"1":0,"2":0,"3":0,"4":0,"5":0,"6":0,"7":0,"8":0,"9":0,"10":0,"11":0,"12":0,"13":0,"14":0,"15":0,"16":0,"17":0,"18":0},"f":{"0":0,"1":0},"b":{}}
,"C:\\Projects\\Melo\\src\\components\\CreateEvent.jsx": {"path":"C:\\Projects\\Melo\\src\\components\\CreateEvent.jsx","statementMap":{"0":{"start":{"line":18,"column":17},"end":{"line":24,"column":2}},"1":{"start":{"line":29,"column":21},"end":{"line":29,"column":31}},"2":{"start":{"line":32,"column":38},"end":{"line":32,"column":50}},"3":{"start":{"line":33,"column":46},"end":{"line":33,"column":60}},"4":{"start":{"line":34,"column":54},"end":{"line":34,"column":69}},"5":{"start":{"line":35,"column":44},"end":{"line":35,"column":58}},"6":{"start":{"line":36,"column":28},"end":{"line":36,"column":40}},"7":{"start":{"line":37,"column":21},"end":{"line":37,"column":34}},"8":{"start":{"line":40,"column":44},"end":{"line":40,"column":59}},"9":{"start":{"line":41,"column":50},"end":{"line":41,"column":62}},"10":{"start":{"line":42,"column":52},"end":{"line":42,"column":71}},"11":{"start":{"line":43,"column":44},"end":{"line":43,"column":59}},"12":{"start":{"line":46,"column":46},"end":{"line":46,"column":60}},"13":{"start":{"line":47,"column":52},"end":{"line":47,"column":66}},"14":{"start":{"line":48,"column":32},"end":{"line":48,"column":46}},"15":{"start":{"line":49,"column":32},"end":{"line":49,"column":42}},"16":{"start":{"line":50,"column":44},"end":{"line":50,"column":56}},"17":{"start":{"line":52,"column":29},"end":{"line":54,"column":5}},"18":{"start":{"line":53,"column":8},"end":{"line":53,"column":40}},"19":{"start":{"line":56,"column":31},"end":{"line":72,"column":5}},"20":{"start":{"line":57,"column":8},"end":{"line":71,"column":9}},"21":{"start":{"line":58,"column":12},"end":{"line":68,"column":14}},"22":{"start":{"line":60,"column":20},"end":{"line":63,"column":23}},"23":{"start":{"line":66,"column":20},"end":{"line":66,"column":76}},"24":{"start":{"line":70,"column":12},"end":{"line":70,"column":75}},"25":{"start":{"line":74,"column":4},"end":{"line":76,"column":11}},"26":{"start":{"line":75,"column":8},"end":{"line":75,"column":29}},"27":{"start":{"line":78,"column":4},"end":{"line":80,"column":11}},"28":{"start":{"line":79,"column":8},"end":{"line":79,"column":31}},"29":{"start":{"line":82,"column":34},"end":{"line":91,"column":5}},"30":{"start":{"line":83,"column":21},"end":{"line":83,"column":42}},"31":{"start":{"line":84,"column":8},"end":{"line":84,"column":31}},"32":{"start":{"line":86,"column":23},"end":{"line":86,"column":39}},"33":{"start":{"line":87,"column":8},"end":{"line":89,"column":10}},"34":{"start":{"line":88,"column":12},"end":{"line":88,"column":43}},"35":{"start":{"line":90,"column":8},"end":{"line":90,"column":35}},"36":{"start":{"line":93,"column":30},"end":{"line":117,"column":5}},"37":{"start":{"line":94,"column":30},"end":{"line":94,"column":42}},"38":{"start":{"line":96,"column":8},"end":{"line":111,"column":9}},"39":{"start":{"line":98,"column":32},"end":{"line":98,"column":56}},"40":{"start":{"line":100,"column":27},"end":{"line":100,"column":38}},"41":{"start":{"line":102,"column":12},"end":{"line":106,"column":13}},"42":{"start":{"line":103,"column":16},"end":{"line":103,"column":124}},"43":{"start":{"line":104,"column":19},"end":{"line":106,"column":13}},"44":{"start":{"line":105,"column":16},"end":{"line":105,"column":88}},"45":{"start":{"line":108,"column":12},"end":{"line":108,"column":29}},"46":{"start":{"line":110,"column":12},"end":{"line":110,"column":40}},"47":{"start":{"line":113,"column":8},"end":{"line":116,"column":12}},"48":{"start":{"line":113,"column":34},"end":{"line":116,"column":9}},"49":{"start":{"line":119,"column":26},"end":{"line":121,"column":5}},"50":{"start":{"line":120,"column":8},"end":{"line":120,"column":31}},"51":{"start":{"line":123,"column":25},"end":{"line":177,"column":5}},"52":{"start":{"line":124,"column":8},"end":{"line":124,"column":41}},"53":{"start":{"line":125,"column":8},"end":{"line":125,"column":17}},"54":{"start":{"line":126,"column":8},"end":{"line":126,"column":31}},"55":{"start":{"line":127,"column":8},"end":{"line":127,"column":30}},"56":{"start":{"line":128,"column":33},"end":{"line":139,"column":9}},"57":{"start":{"line":141,"column":8},"end":{"line":151,"column":9}},"58":{"start":{"line":142,"column":33},"end":{"line":142,"column":74}},"59":{"start":{"line":143,"column":33},"end":{"line":148,"column":13}},"60":{"start":{"line":149,"column":12},"end":{"line":149,"column":68}},"61":{"start":{"line":150,"column":12},"end":{"line":150,"column":59}},"62":{"start":{"line":153,"column":8},"end":{"line":176,"column":9}},"63":{"start":{"line":154,"column":12},"end":{"line":158,"column":15}},"64":{"start":{"line":160,"column":12},"end":{"line":160,"column":59}},"65":{"start":{"line":161,"column":12},"end":{"line":161,"column":43}},"66":{"start":{"line":162,"column":12},"end":{"line":162,"column":34}},"67":{"start":{"line":164,"column":12},"end":{"line":166,"column":21}},"68":{"start":{"line":165,"column":16},"end":{"line":165,"column":66}},"69":{"start":{"line":170,"column":12},"end":{"line":170,"column":60}},"70":{"start":{"line":171,"column":12},"end":{"line":171,"column":41}},"71":{"start":{"line":172,"column":12},"end":{"line":172,"column":34}},"72":{"start":{"line":175,"column":12},"end":{"line":175,"column":35}},"73":{"start":{"line":179,"column":29},"end":{"line":184,"column":5}},"74":{"start":{"line":180,"column":8},"end":{"line":183,"column":9}},"75":{"start":{"line":181,"column":12},"end":{"line":181,"column":46}},"76":{"start":{"line":182,"column":12},"end":{"line":182,"column":75}},"77":{"start":{"line":186,"column":4},"end":{"line":190,"column":5}},"78":{"start":{"line":187,"column":8},"end":{"line":189,"column":14}},"79":{"start":{"line":192,"column":4},"end":{"line":316,"column":6}},"80":{"start":{"line":200,"column":38},"end":{"line":200,"column":60}},"81":{"start":{"line":239,"column":57},"end":{"line":239,"column":71}},"82":{"start":{"line":241,"column":58},"end":{"line":241,"column":79}},"83":{"start":{"line":242,"column":44},"end":{"line":248,"column":45}},"84":{"start":{"line":243,"column":48},"end":{"line":246,"column":51}},"85":{"start":{"line":247,"column":48},"end":{"line":247,"column":76}},"86":{"start":{"line":290,"column":40},"end":{"line":290,"column":105}}},"fnMap":{"0":{"name":"AddEvent","decl":{"start":{"line":26,"column":9},"end":{"line":26,"column":17}},"loc":{"start":{"line":26,"column":20},"end":{"line":317,"column":1}},"line":26},"1":{"name":"(anonymous_1)","decl":{"start":{"line":52,"column":29},"end":{"line":52,"column":30}},"loc":{"start":{"line":52,"column":35},"end":{"line":54,"column":5}},"line":52},"2":{"name":"(anonymous_2)","decl":{"start":{"line":56,"column":31},"end":{"line":56,"column":32}},"loc":{"start":{"line":56,"column":37},"end":{"line":72,"column":5}},"line":56},"3":{"name":"(anonymous_3)","decl":{"start":{"line":59,"column":16},"end":{"line":59,"column":17}},"loc":{"start":{"line":59,"column":30},"end":{"line":64,"column":17}},"line":59},"4":{"name":"(anonymous_4)","decl":{"start":{"line":65,"column":16},"end":{"line":65,"column":17}},"loc":{"start":{"line":65,"column":27},"end":{"line":67,"column":17}},"line":65},"5":{"name":"(anonymous_5)","decl":{"start":{"line":74,"column":20},"end":{"line":74,"column":21}},"loc":{"start":{"line":74,"column":26},"end":{"line":76,"column":5}},"line":74},"6":{"name":"(anonymous_6)","decl":{"start":{"line":78,"column":14},"end":{"line":78,"column":15}},"loc":{"start":{"line":78,"column":20},"end":{"line":80,"column":5}},"line":78},"7":{"name":"(anonymous_7)","decl":{"start":{"line":82,"column":34},"end":{"line":82,"column":35}},"loc":{"start":{"line":82,"column":45},"end":{"line":91,"column":5}},"line":82},"8":{"name":"(anonymous_8)","decl":{"start":{"line":87,"column":27},"end":{"line":87,"column":28}},"loc":{"start":{"line":87,"column":33},"end":{"line":89,"column":9}},"line":87},"9":{"name":"(anonymous_9)","decl":{"start":{"line":93,"column":30},"end":{"line":93,"column":31}},"loc":{"start":{"line":93,"column":41},"end":{"line":117,"column":5}},"line":93},"10":{"name":"(anonymous_10)","decl":{"start":{"line":113,"column":21},"end":{"line":113,"column":22}},"loc":{"start":{"line":113,"column":34},"end":{"line":116,"column":9}},"line":113},"11":{"name":"(anonymous_11)","decl":{"start":{"line":119,"column":26},"end":{"line":119,"column":27}},"loc":{"start":{"line":119,"column":32},"end":{"line":121,"column":5}},"line":119},"12":{"name":"(anonymous_12)","decl":{"start":{"line":123,"column":25},"end":{"line":123,"column":26}},"loc":{"start":{"line":123,"column":42},"end":{"line":177,"column":5}},"line":123},"13":{"name":"(anonymous_13)","decl":{"start":{"line":164,"column":23},"end":{"line":164,"column":24}},"loc":{"start":{"line":164,"column":29},"end":{"line":166,"column":13}},"line":164},"14":{"name":"(anonymous_14)","decl":{"start":{"line":179,"column":29},"end":{"line":179,"column":30}},"loc":{"start":{"line":179,"column":40},"end":{"line":184,"column":5}},"line":179},"15":{"name":"(anonymous_15)","decl":{"start":{"line":200,"column":32},"end":{"line":200,"column":33}},"loc":{"start":{"line":200,"column":38},"end":{"line":200,"column":60}},"line":200},"16":{"name":"(anonymous_16)","decl":{"start":{"line":239,"column":48},"end":{"line":239,"column":49}},"loc":{"start":{"line":239,"column":57},"end":{"line":239,"column":71}},"line":239},"17":{"name":"(anonymous_17)","decl":{"start":{"line":240,"column":57},"end":{"line":240,"column":58}},"loc":{"start":{"line":240,"column":63},"end":{"line":249,"column":41}},"line":240},"18":{"name":"(anonymous_18)","decl":{"start":{"line":289,"column":45},"end":{"line":289,"column":46}},"loc":{"start":{"line":290,"column":40},"end":{"line":290,"column":105}},"line":290}},"branchMap":{"0":{"loc":{"start":{"line":57,"column":8},"end":{"line":71,"column":9}},"type":"if","locations":[{"start":{"line":57,"column":8},"end":{"line":71,"column":9}},{"start":{"line":69,"column":15},"end":{"line":71,"column":9}}],"line":57},"1":{"loc":{"start":{"line":96,"column":8},"end":{"line":111,"column":9}},"type":"if","locations":[{"start":{"line":96,"column":8},"end":{"line":111,"column":9}},{"start":{"line":109,"column":15},"end":{"line":111,"column":9}}],"line":96},"2":{"loc":{"start":{"line":102,"column":12},"end":{"line":106,"column":13}},"type":"if","locations":[{"start":{"line":102,"column":12},"end":{"line":106,"column":13}},{"start":{"line":104,"column":19},"end":{"line":106,"column":13}}],"line":102},"3":{"loc":{"start":{"line":104,"column":19},"end":{"line":106,"column":13}},"type":"if","locations":[{"start":{"line":104,"column":19},"end":{"line":106,"column":13}},{"start":{},"end":{}}],"line":104},"4":{"loc":{"start":{"line":141,"column":8},"end":{"line":151,"column":9}},"type":"if","locations":[{"start":{"line":141,"column":8},"end":{"line":151,"column":9}},{"start":{},"end":{}}],"line":141},"5":{"loc":{"start":{"line":180,"column":8},"end":{"line":183,"column":9}},"type":"if","locations":[{"start":{"line":180,"column":8},"end":{"line":183,"column":9}},{"start":{},"end":{}}],"line":180},"6":{"loc":{"start":{"line":186,"column":4},"end":{"line":190,"column":5}},"type":"if","locations":[{"start":{"line":186,"column":4},"end":{"line":190,"column":5}},{"start":{},"end":{}}],"line":186},"7":{"loc":{"start":{"line":196,"column":17},"end":{"line":300,"column":17}},"type":"binary-expr","locations":[{"start":{"line":196,"column":17},"end":{"line":196,"column":30}},{"start":{"line":197,"column":20},"end":{"line":299,"column":37}}],"line":196},"8":{"loc":{"start":{"line":210,"column":53},"end":{"line":210,"column":90}},"type":"cond-expr","locations":[{"start":{"line":210,"column":76},"end":{"line":210,"column":85}},{"start":{"line":210,"column":88},"end":{"line":210,"column":90}}],"line":210},"9":{"loc":{"start":{"line":234,"column":53},"end":{"line":234,"column":112}},"type":"cond-expr","locations":[{"start":{"line":234,"column":83},"end":{"line":234,"column":107}},{"start":{"line":234,"column":110},"end":{"line":234,"column":112}}],"line":234},"10":{"loc":{"start":{"line":242,"column":44},"end":{"line":248,"column":45}},"type":"if","locations":[{"start":{"line":242,"column":44},"end":{"line":248,"column":45}},{"start":{},"end":{}}],"line":242},"11":{"loc":{"start":{"line":262,"column":47},"end":{"line":262,"column":97}},"type":"cond-expr","locations":[{"start":{"line":262,"column":62},"end":{"line":262,"column":75}},{"start":{"line":262,"column":78},"end":{"line":262,"column":97}}],"line":262},"12":{"loc":{"start":{"line":263,"column":41},"end":{"line":263,"column":87}},"type":"cond-expr","locations":[{"start":{"line":263,"column":56},"end":{"line":263,"column":68}},{"start":{"line":263,"column":71},"end":{"line":263,"column":87}}],"line":263},"13":{"loc":{"start":{"line":288,"column":44},"end":{"line":288,"column":94}},"type":"binary-expr","locations":[{"start":{"line":288,"column":44},"end":{"line":288,"column":60}},{"start":{"line":288,"column":64},"end":{"line":288,"column":94}}],"line":288},"14":{"loc":{"start":{"line":293,"column":37},"end":{"line":295,"column":37}},"type":"binary-expr","locations":[{"start":{"line":293,"column":37},"end":{"line":293,"column":53}},{"start":{"line":294,"column":40},"end":{"line":294,"column":118}}],"line":293},"15":{"loc":{"start":{"line":304,"column":72},"end":{"line":304,"column":151}},"type":"binary-expr","locations":[{"start":{"line":304,"column":72},"end":{"line":304,"column":92}},{"start":{"line":304,"column":96},"end":{"line":304,"column":117}},{"start":{"line":304,"column":121},"end":{"line":304,"column":135}},{"start":{"line":304,"column":139},"end":{"line":304,"column":151}}],"line":304}},"s":{"0":0,"1":0,"2":0,"3":0,"4":0,"5":0,"6":0,"7":0,"8":0,"9":0,"10":0,"11":0,"12":0,"13":0,"14":0,"15":0,"16":0,"17":0,"18":0,"19":0,"20":0,"21":0,"22":0,"23":0,"24":0,"25":0,"26":0,"27":0,"28":0,"29":0,"30":0,"31":0,"32":0,"33":0,"34":0,"35":0,"36":0,"37":0,"38":0,"39":0,"40":0,"41":0,"42":0,"43":0,"44":0,"45":0,"46":0,"47":0,"48":0,"49":0,"50":0,"51":0,"52":0,"53":0,"54":0,"55":0,"56":0,"57":0,"58":0,"59":0,"60":0,"61":0,"62":0,"63":0,"64":0,"65":0,"66":0,"67":0,"68":0,"69":0,"70":0,"71":0,"72":0,"73":0,"74":0,"75":0,"76":0,"77":0,"78":0,"79":0,"80":0,"81":0,"82":0,"83":0,"84":0,"85":0,"86":0},"f":{"0":0,"1":0,"2":0,"3":0,"4":0,"5":0,"6":0,"7":0,"8":0,"9":0,"10":0,"11":0,"12":0,"13":0,"14":0,"15":0,"16":0,"17":0,"18":0},"b":{"0":[0,0],"1":[0,0],"2":[0,0],"3":[0,0],"4":[0,0],"5":[0,0],"6":[0,0],"7":[0,0],"8":[0,0],"9":[0,0],"10":[0,0],"11":[0,0],"12":[0,0],"13":[0,0],"14":[0,0],"15":[0,0,0,0]}}
,"C:\\Projects\\Melo\\src\\components\\CreateTypeTicket.jsx": {"path":"C:\\Projects\\Melo\\src\\components\\CreateTypeTicket.jsx","statementMap":{"0":{"start":{"line":9,"column":48},"end":{"line":9,"column":60}},"1":{"start":{"line":10,"column":34},"end":{"line":10,"column":49}},"2":{"start":{"line":12,"column":30},"end":{"line":26,"column":5}},"3":{"start":{"line":13,"column":32},"end":{"line":13,"column":49}},"4":{"start":{"line":15,"column":8},"end":{"line":20,"column":9}},"5":{"start":{"line":16,"column":26},"end":{"line":16,"column":36}},"6":{"start":{"line":17,"column":12},"end":{"line":19,"column":13}},"7":{"start":{"line":18,"column":16},"end":{"line":18,"column":23}},"8":{"start":{"line":22,"column":8},"end":{"line":25,"column":12}},"9":{"start":{"line":22,"column":41},"end":{"line":25,"column":9}},"10":{"start":{"line":28,"column":25},"end":{"line":69,"column":5}},"11":{"start":{"line":29,"column":8},"end":{"line":29,"column":36}},"12":{"start":{"line":31,"column":38},"end":{"line":41,"column":9}},"13":{"start":{"line":43,"column":8},"end":{"line":43,"column":25}},"14":{"start":{"line":45,"column":8},"end":{"line":56,"column":9}},"15":{"start":{"line":46,"column":12},"end":{"line":50,"column":15}},"16":{"start":{"line":53,"column":12},"end":{"line":53,"column":31}},"17":{"start":{"line":55,"column":12},"end":{"line":55,"column":30}},"18":{"start":{"line":57,"column":8},"end":{"line":59,"column":9}},"19":{"start":{"line":58,"column":12},"end":{"line":58,"column":55}},"20":{"start":{"line":60,"column":8},"end":{"line":68,"column":11}},"21":{"start":{"line":71,"column":4},"end":{"line":77,"column":5}},"22":{"start":{"line":72,"column":8},"end":{"line":76,"column":10}},"23":{"start":{"line":79,"column":4},"end":{"line":131,"column":6}}},"fnMap":{"0":{"name":"CreateTypeTicket","decl":{"start":{"line":7,"column":9},"end":{"line":7,"column":25}},"loc":{"start":{"line":7,"column":60},"end":{"line":132,"column":1}},"line":7},"1":{"name":"(anonymous_1)","decl":{"start":{"line":12,"column":30},"end":{"line":12,"column":31}},"loc":{"start":{"line":12,"column":46},"end":{"line":26,"column":5}},"line":12},"2":{"name":"(anonymous_2)","decl":{"start":{"line":22,"column":26},"end":{"line":22,"column":27}},"loc":{"start":{"line":22,"column":41},"end":{"line":25,"column":9}},"line":22},"3":{"name":"(anonymous_3)","decl":{"start":{"line":28,"column":25},"end":{"line":28,"column":26}},"loc":{"start":{"line":28,"column":47},"end":{"line":69,"column":5}},"line":28}},"branchMap":{"0":{"loc":{"start":{"line":15,"column":8},"end":{"line":20,"column":9}},"type":"if","locations":[{"start":{"line":15,"column":8},"end":{"line":20,"column":9}},{"start":{},"end":{}}],"line":15},"1":{"loc":{"start":{"line":15,"column":12},"end":{"line":15,"column":55}},"type":"binary-expr","locations":[{"start":{"line":15,"column":12},"end":{"line":15,"column":30}},{"start":{"line":15,"column":34},"end":{"line":15,"column":55}}],"line":15},"2":{"loc":{"start":{"line":17,"column":12},"end":{"line":19,"column":13}},"type":"if","locations":[{"start":{"line":17,"column":12},"end":{"line":19,"column":13}},{"start":{},"end":{}}],"line":17},"3":{"loc":{"start":{"line":17,"column":18},"end":{"line":17,"column":51}},"type":"binary-expr","locations":[{"start":{"line":17,"column":18},"end":{"line":17,"column":35}},{"start":{"line":17,"column":39},"end":{"line":17,"column":51}}],"line":17},"4":{"loc":{"start":{"line":57,"column":8},"end":{"line":59,"column":9}},"type":"if","locations":[{"start":{"line":57,"column":8},"end":{"line":59,"column":9}},{"start":{},"end":{}}],"line":57},"5":{"loc":{"start":{"line":71,"column":4},"end":{"line":77,"column":5}},"type":"if","locations":[{"start":{"line":71,"column":4},"end":{"line":77,"column":5}},{"start":{},"end":{}}],"line":71}},"s":{"0":0,"1":0,"2":0,"3":0,"4":0,"5":0,"6":0,"7":0,"8":0,"9":0,"10":0,"11":0,"12":0,"13":0,"14":0,"15":0,"16":0,"17":0,"18":0,"19":0,"20":0,"21":0,"22":0,"23":0},"f":{"0":0,"1":0,"2":0,"3":0},"b":{"0":[0,0],"1":[0,0],"2":[0,0],"3":[0,0],"4":[0,0],"5":[0,0]}}
,"C:\\Projects\\Melo\\src\\components\\CreateUser.jsx": {"path":"C:\\Projects\\Melo\\src\\components\\CreateUser.jsx","statementMap":{"0":{"start":{"line":8,"column":0},"end":{"line":8,"column":30}},"1":{"start":{"line":12,"column":35},"end":{"line":12,"column":47}},"2":{"start":{"line":13,"column":34},"end":{"line":13,"column":46}},"3":{"start":{"line":14,"column":19},"end":{"line":14,"column":32}},"4":{"start":{"line":15,"column":40},"end":{"line":15,"column":55}},"5":{"start":{"line":16,"column":19},"end":{"line":16,"column":29}},"6":{"start":{"line":18,"column":2},"end":{"line":24,"column":17}},"7":{"start":{"line":19,"column":4},"end":{"line":23,"column":6}},"8":{"start":{"line":26,"column":23},"end":{"line":48,"column":3}},"9":{"start":{"line":27,"column":21},"end":{"line":29,"column":5}},"10":{"start":{"line":31,"column":4},"end":{"line":47,"column":5}},"11":{"start":{"line":32,"column":6},"end":{"line":38,"column":8}},"12":{"start":{"line":40,"column":6},"end":{"line":46,"column":8}},"13":{"start":{"line":50,"column":23},"end":{"line":66,"column":3}},"14":{"start":{"line":52,"column":4},"end":{"line":52,"column":27}},"15":{"start":{"line":53,"column":22},"end":{"line":53,"column":36}},"16":{"start":{"line":55,"column":20},"end":{"line":55,"column":30}},"17":{"start":{"line":56,"column":4},"end":{"line":58,"column":5}},"18":{"start":{"line":57,"column":6},"end":{"line":57,"column":29}},"19":{"start":{"line":60,"column":4},"end":{"line":65,"column":5}},"20":{"start":{"line":61,"column":6},"end":{"line":61,"column":75}},"21":{"start":{"line":62,"column":6},"end":{"line":62,"column":20}},"22":{"start":{"line":64,"column":6},"end":{"line":64,"column":50}},"23":{"start":{"line":68,"column":28},"end":{"line":75,"column":3}},"24":{"start":{"line":69,"column":28},"end":{"line":69,"column":40}},"25":{"start":{"line":71,"column":4},"end":{"line":73,"column":5}},"26":{"start":{"line":72,"column":6},"end":{"line":72,"column":13}},"27":{"start":{"line":74,"column":4},"end":{"line":74,"column":63}},"28":{"start":{"line":77,"column":31},"end":{"line":79,"column":3}},"29":{"start":{"line":78,"column":4},"end":{"line":78,"column":36}},"30":{"start":{"line":81,"column":2},"end":{"line":131,"column":4}}},"fnMap":{"0":{"name":"App","decl":{"start":{"line":10,"column":9},"end":{"line":10,"column":12}},"loc":{"start":{"line":10,"column":15},"end":{"line":132,"column":1}},"line":10},"1":{"name":"(anonymous_1)","decl":{"start":{"line":18,"column":12},"end":{"line":18,"column":13}},"loc":{"start":{"line":18,"column":18},"end":{"line":24,"column":3}},"line":18},"2":{"name":"(anonymous_2)","decl":{"start":{"line":26,"column":23},"end":{"line":26,"column":24}},"loc":{"start":{"line":26,"column":29},"end":{"line":48,"column":3}},"line":26},"3":{"name":"(anonymous_3)","decl":{"start":{"line":50,"column":23},"end":{"line":50,"column":24}},"loc":{"start":{"line":50,"column":40},"end":{"line":66,"column":3}},"line":50},"4":{"name":"(anonymous_4)","decl":{"start":{"line":68,"column":28},"end":{"line":68,"column":29}},"loc":{"start":{"line":68,"column":39},"end":{"line":75,"column":3}},"line":68},"5":{"name":"(anonymous_5)","decl":{"start":{"line":77,"column":31},"end":{"line":77,"column":32}},"loc":{"start":{"line":77,"column":42},"end":{"line":79,"column":3}},"line":77}},"branchMap":{"0":{"loc":{"start":{"line":20,"column":6},"end":{"line":22,"column":22}},"type":"binary-expr","locations":[{"start":{"line":20,"column":6},"end":{"line":20,"column":23}},{"start":{"line":21,"column":6},"end":{"line":21,"column":26}},{"start":{"line":22,"column":6},"end":{"line":22,"column":22}}],"line":20},"1":{"loc":{"start":{"line":31,"column":4},"end":{"line":47,"column":5}},"type":"if","locations":[{"start":{"line":31,"column":4},"end":{"line":47,"column":5}},{"start":{"line":39,"column":11},"end":{"line":47,"column":5}}],"line":31},"2":{"loc":{"start":{"line":56,"column":4},"end":{"line":58,"column":5}},"type":"if","locations":[{"start":{"line":56,"column":4},"end":{"line":58,"column":5}},{"start":{},"end":{}}],"line":56},"3":{"loc":{"start":{"line":71,"column":4},"end":{"line":73,"column":5}},"type":"if","locations":[{"start":{"line":71,"column":4},"end":{"line":73,"column":5}},{"start":{},"end":{}}],"line":71},"4":{"loc":{"start":{"line":71,"column":8},"end":{"line":71,"column":69}},"type":"binary-expr","locations":[{"start":{"line":71,"column":8},"end":{"line":71,"column":26}},{"start":{"line":71,"column":30},"end":{"line":71,"column":53}},{"start":{"line":71,"column":57},"end":{"line":71,"column":69}}],"line":71}},"s":{"0":0,"1":0,"2":0,"3":0,"4":0,"5":0,"6":0,"7":0,"8":0,"9":0,"10":0,"11":0,"12":0,"13":0,"14":0,"15":0,"16":0,"17":0,"18":0,"19":0,"20":0,"21":0,"22":0,"23":0,"24":0,"25":0,"26":0,"27":0,"28":0,"29":0,"30":0},"f":{"0":0,"1":0,"2":0,"3":0,"4":0,"5":0},"b":{"0":[0,0,0],"1":[0,0],"2":[0,0],"3":[0,0],"4":[0,0,0]}}
,"C:\\Projects\\Melo\\src\\components\\EditEvent.jsx": {"path":"C:\\Projects\\Melo\\src\\components\\EditEvent.jsx","statementMap":{"0":{"start":{"line":16,"column":30},"end":{"line":16,"column":40}},"1":{"start":{"line":18,"column":17},"end":{"line":24,"column":2}},"2":{"start":{"line":26,"column":18},"end":{"line":416,"column":1}},"3":{"start":{"line":29,"column":22},"end":{"line":29,"column":33}},"4":{"start":{"line":30,"column":36},"end":{"line":30,"column":50}},"5":{"start":{"line":31,"column":40},"end":{"line":31,"column":52}},"6":{"start":{"line":32,"column":32},"end":{"line":32,"column":47}},"7":{"start":{"line":33,"column":48},"end":{"line":33,"column":60}},"8":{"start":{"line":36,"column":52},"end":{"line":36,"column":99}},"9":{"start":{"line":37,"column":42},"end":{"line":37,"column":56}},"10":{"start":{"line":38,"column":26},"end":{"line":38,"column":38}},"11":{"start":{"line":41,"column":44},"end":{"line":41,"column":58}},"12":{"start":{"line":42,"column":50},"end":{"line":42,"column":64}},"13":{"start":{"line":43,"column":30},"end":{"line":43,"column":44}},"14":{"start":{"line":44,"column":42},"end":{"line":44,"column":54}},"15":{"start":{"line":47,"column":42},"end":{"line":47,"column":57}},"16":{"start":{"line":48,"column":48},"end":{"line":48,"column":60}},"17":{"start":{"line":49,"column":50},"end":{"line":49,"column":69}},"18":{"start":{"line":50,"column":42},"end":{"line":50,"column":57}},"19":{"start":{"line":52,"column":2},"end":{"line":54,"column":9}},"20":{"start":{"line":53,"column":4},"end":{"line":53,"column":27}},"21":{"start":{"line":56,"column":2},"end":{"line":68,"column":16}},"22":{"start":{"line":57,"column":22},"end":{"line":66,"column":5}},"23":{"start":{"line":58,"column":20},"end":{"line":58,"column":49}},"24":{"start":{"line":59,"column":6},"end":{"line":59,"column":26}},"25":{"start":{"line":60,"column":6},"end":{"line":65,"column":7}},"26":{"start":{"line":61,"column":24},"end":{"line":61,"column":55}},"27":{"start":{"line":62,"column":8},"end":{"line":62,"column":32}},"28":{"start":{"line":64,"column":8},"end":{"line":64,"column":61}},"29":{"start":{"line":67,"column":4},"end":{"line":67,"column":16}},"30":{"start":{"line":70,"column":2},"end":{"line":85,"column":18}},"31":{"start":{"line":71,"column":4},"end":{"line":84,"column":5}},"32":{"start":{"line":72,"column":28},"end":{"line":72,"column":63}},"33":{"start":{"line":73,"column":6},"end":{"line":73,"column":41}},"34":{"start":{"line":74,"column":6},"end":{"line":81,"column":9}},"35":{"start":{"line":83,"column":6},"end":{"line":83,"column":51}},"36":{"start":{"line":87,"column":2},"end":{"line":93,"column":39}},"37":{"start":{"line":88,"column":4},"end":{"line":92,"column":8}},"38":{"start":{"line":88,"column":37},"end":{"line":92,"column":5}},"39":{"start":{"line":95,"column":2},"end":{"line":102,"column":41}},"40":{"start":{"line":96,"column":4},"end":{"line":101,"column":5}},"41":{"start":{"line":97,"column":20},"end":{"line":99,"column":7}},"42":{"start":{"line":100,"column":6},"end":{"line":100,"column":30}},"43":{"start":{"line":104,"column":24},"end":{"line":106,"column":3}},"44":{"start":{"line":105,"column":4},"end":{"line":105,"column":27}},"45":{"start":{"line":108,"column":28},"end":{"line":128,"column":3}},"46":{"start":{"line":110,"column":28},"end":{"line":110,"column":36}},"47":{"start":{"line":111,"column":25},"end":{"line":111,"column":30}},"48":{"start":{"line":112,"column":4},"end":{"line":123,"column":5}},"49":{"start":{"line":113,"column":26},"end":{"line":113,"column":50}},"50":{"start":{"line":114,"column":21},"end":{"line":114,"column":32}},"51":{"start":{"line":115,"column":6},"end":{"line":119,"column":7}},"52":{"start":{"line":116,"column":8},"end":{"line":116,"column":116}},"53":{"start":{"line":117,"column":13},"end":{"line":119,"column":7}},"54":{"start":{"line":118,"column":8},"end":{"line":118,"column":80}},"55":{"start":{"line":120,"column":6},"end":{"line":120,"column":32}},"56":{"start":{"line":122,"column":6},"end":{"line":122,"column":43}},"57":{"start":{"line":124,"column":4},"end":{"line":127,"column":8}},"58":{"start":{"line":124,"column":37},"end":{"line":127,"column":5}},"59":{"start":{"line":130,"column":30},"end":{"line":136,"column":3}},"60":{"start":{"line":131,"column":14},"end":{"line":131,"column":28}},"61":{"start":{"line":132,"column":16},"end":{"line":132,"column":45}},"62":{"start":{"line":133,"column":18},"end":{"line":133,"column":54}},"63":{"start":{"line":134,"column":17},"end":{"line":134,"column":32}},"64":{"start":{"line":135,"column":4},"end":{"line":135,"column":37}},"65":{"start":{"line":147,"column":27},"end":{"line":150,"column":3}},"66":{"start":{"line":148,"column":31},"end":{"line":148,"column":52}},"67":{"start":{"line":149,"column":4},"end":{"line":149,"column":47}},"68":{"start":{"line":152,"column":28},"end":{"line":198,"column":3}},"69":{"start":{"line":154,"column":4},"end":{"line":154,"column":26}},"70":{"start":{"line":156,"column":29},"end":{"line":159,"column":5}},"71":{"start":{"line":161,"column":4},"end":{"line":174,"column":5}},"72":{"start":{"line":162,"column":24},"end":{"line":162,"column":34}},"73":{"start":{"line":163,"column":23},"end":{"line":163,"column":65}},"74":{"start":{"line":164,"column":27},"end":{"line":169,"column":7}},"75":{"start":{"line":170,"column":6},"end":{"line":170,"column":62}},"76":{"start":{"line":171,"column":6},"end":{"line":171,"column":48}},"77":{"start":{"line":173,"column":6},"end":{"line":173,"column":64}},"78":{"start":{"line":176,"column":4},"end":{"line":197,"column":5}},"79":{"start":{"line":177,"column":6},"end":{"line":182,"column":10}},"80":{"start":{"line":184,"column":6},"end":{"line":184,"column":54}},"81":{"start":{"line":185,"column":6},"end":{"line":185,"column":37}},"82":{"start":{"line":186,"column":6},"end":{"line":186,"column":28}},"83":{"start":{"line":190,"column":6},"end":{"line":190,"column":54}},"84":{"start":{"line":191,"column":6},"end":{"line":191,"column":35}},"85":{"start":{"line":192,"column":6},"end":{"line":192,"column":28}},"86":{"start":{"line":194,"column":6},"end":{"line":194,"column":52}},"87":{"start":{"line":196,"column":6},"end":{"line":196,"column":29}},"88":{"start":{"line":200,"column":28},"end":{"line":219,"column":3}},"89":{"start":{"line":201,"column":4},"end":{"line":218,"column":7}},"90":{"start":{"line":202,"column":6},"end":{"line":217,"column":12}},"91":{"start":{"line":221,"column":33},"end":{"line":230,"column":3}},"92":{"start":{"line":222,"column":4},"end":{"line":229,"column":7}},"93":{"start":{"line":223,"column":6},"end":{"line":228,"column":9}},"94":{"start":{"line":224,"column":8},"end":{"line":226,"column":9}},"95":{"start":{"line":225,"column":10},"end":{"line":225,"column":57}},"96":{"start":{"line":227,"column":8},"end":{"line":227,"column":22}},"97":{"start":{"line":232,"column":34},"end":{"line":234,"column":3}},"98":{"start":{"line":233,"column":4},"end":{"line":233,"column":77}},"99":{"start":{"line":233,"column":40},"end":{"line":233,"column":75}},"100":{"start":{"line":236,"column":27},"end":{"line":238,"column":3}},"101":{"start":{"line":237,"column":4},"end":{"line":237,"column":36}},"102":{"start":{"line":240,"column":27},"end":{"line":249,"column":3}},"103":{"start":{"line":241,"column":17},"end":{"line":241,"column":38}},"104":{"start":{"line":242,"column":4},"end":{"line":242,"column":26}},"105":{"start":{"line":244,"column":19},"end":{"line":244,"column":35}},"106":{"start":{"line":245,"column":4},"end":{
[...]
":{"line":208,"column":49}},"65":{"start":{"line":209,"column":2},"end":{"line":222,"column":3}},"66":{"start":{"line":211,"column":6},"end":{"line":211,"column":44}},"67":{"start":{"line":213,"column":6},"end":{"line":213,"column":39}},"68":{"start":{"line":215,"column":6},"end":{"line":215,"column":39}},"69":{"start":{"line":217,"column":6},"end":{"line":217,"column":39}},"70":{"start":{"line":219,"column":6},"end":{"line":219,"column":66}},"71":{"start":{"line":221,"column":6},"end":{"line":221,"column":18}},"72":{"start":{"line":225,"column":2},"end":{"line":227,"column":3}},"73":{"start":{"line":226,"column":4},"end":{"line":226,"column":16}},"74":{"start":{"line":228,"column":20},"end":{"line":228,"column":37}},"75":{"start":{"line":229,"column":2},"end":{"line":231,"column":3}},"76":{"start":{"line":230,"column":4},"end":{"line":230,"column":16}},"77":{"start":{"line":232,"column":20},"end":{"line":232,"column":30}},"78":{"start":{"line":233,"column":2},"end":{"line":233,"column":56}},"79":{"start":{"line":234,"column":2},"end":{"line":234,"column":58}},"80":{"start":{"line":235,"column":23},"end":{"line":235,"column":46}},"81":{"start":{"line":236,"column":2},"end":{"line":239,"column":4}},"82":{"start":{"line":240,"column":2},"end":{"line":242,"column":3}},"83":{"start":{"line":241,"column":4},"end":{"line":241,"column":16}},"84":{"start":{"line":243,"column":2},"end":{"line":252,"column":3}},"85":{"start":{"line":245,"column":6},"end":{"line":245,"column":44}},"86":{"start":{"line":247,"column":6},"end":{"line":247,"column":51}},"87":{"start":{"line":249,"column":6},"end":{"line":249,"column":51}},"88":{"start":{"line":251,"column":6},"end":{"line":251,"column":18}},"89":{"start":{"line":255,"column":2},"end":{"line":257,"column":3}},"90":{"start":{"line":256,"column":4},"end":{"line":256,"column":23}},"91":{"start":{"line":258,"column":19},"end":{"line":260,"column":39}},"92":{"start":{"line":261,"column":2},"end":{"line":263,"column":3}},"93":{"start":{"line":262,"column":4},"end":{"line":262,"column":23}},"94":{"start":{"line":264,"column":2},"end":{"line":266,"column":3}},"95":{"start":{"line":265,"column":4},"end":{"line":265,"column":37}},"96":{"start":{"line":267,"column":22},"end":{"line":267,"column":55}},"97":{"start":{"line":268,"column":15},"end":{"line":268,"column":68}},"98":{"start":{"line":269,"column":15},"end":{"line":269,"column":68}},"99":{"start":{"line":270,"column":2},"end":{"line":270,"column":29}},"100":{"start":{"line":273,"column":2},"end":{"line":282,"column":3}},"101":{"start":{"line":275,"column":6},"end":{"line":275,"column":54}},"102":{"start":{"line":277,"column":6},"end":{"line":277,"column":58}},"103":{"start":{"line":279,"column":6},"end":{"line":279,"column":54}},"104":{"start":{"line":281,"column":6},"end":{"line":281,"column":19}},"105":{"start":{"line":284,"column":27},"end":{"line":295,"column":1}},"106":{"start":{"line":285,"column":22},"end":{"line":285,"column":37}},"107":{"start":{"line":286,"column":15},"end":{"line":286,"column":34}},"108":{"start":{"line":287,"column":2},"end":{"line":293,"column":3}},"109":{"start":{"line":288,"column":4},"end":{"line":292,"column":5}},"110":{"start":{"line":289,"column":6},"end":{"line":289,"column":35}},"111":{"start":{"line":291,"column":6},"end":{"line":291,"column":66}},"112":{"start":{"line":294,"column":2},"end":{"line":294,"column":23}}},"fnMap":{"0":{"name":"(anonymous_0)","decl":{"start":{"line":8,"column":29},"end":{"line":8,"column":30}},"loc":{"start":{"line":8,"column":53},"end":{"line":28,"column":1}},"line":8},"1":{"name":"(anonymous_1)","decl":{"start":{"line":29,"column":24},"end":{"line":29,"column":25}},"loc":{"start":{"line":29,"column":47},"end":{"line":180,"column":1}},"line":29},"2":{"name":"(anonymous_2)","decl":{"start":{"line":62,"column":47},"end":{"line":62,"column":48}},"loc":{"start":{"line":62,"column":55},"end":{"line":62,"column":67}},"line":62},"3":{"name":"(anonymous_3)","decl":{"start":{"line":73,"column":47},"end":{"line":73,"column":48}},"loc":{"start":{"line":73,"column":55},"end":{"line":73,"column":75}},"line":73},"4":{"name":"(anonymous_4)","decl":{"start":{"line":80,"column":47},"end":{"line":80,"column":48}},"loc":{"start":{"line":80,"column":55},"end":{"line":80,"column":73}},"line":80},"5":{"name":"(anonymous_5)","decl":{"start":{"line":87,"column":47},"end":{"line":87,"column":48}},"loc":{"start":{"line":87,"column":55},"end":{"line":87,"column":73}},"line":87},"6":{"name":"(anonymous_6)","decl":{"start":{"line":94,"column":48},"end":{"line":94,"column":49}},"loc":{"start":{"line":94,"column":56},"end":{"line":94,"column":75}},"line":94},"7":{"name":"formatDate","decl":{"start":{"line":196,"column":16},"end":{"line":196,"column":26}},"loc":{"start":{"line":196,"column":45},"end":{"line":223,"column":1}},"line":196},"8":{"name":"formatTime","decl":{"start":{"line":224,"column":16},"end":{"line":224,"column":26}},"loc":{"start":{"line":224,"column":45},"end":{"line":253,"column":1}},"line":224},"9":{"name":"formatDateTime","decl":{"start":{"line":254,"column":16},"end":{"line":254,"column":30}},"loc":{"start":{"line":254,"column":60},"end":{"line":271,"column":1}},"line":254},"10":{"name":"formatter","decl":{"start":{"line":272,"column":16},"end":{"line":272,"column":25}},"loc":{"start":{"line":272,"column":49},"end":{"line":283,"column":1}},"line":272},"11":{"name":"(anonymous_11)","decl":{"start":{"line":284,"column":27},"end":{"line":284,"column":28}},"loc":{"start":{"line":284,"column":66},"end":{"line":295,"column":1}},"line":284}},"branchMap":{"0":{"loc":{"start":{"line":10,"column":4},"end":{"line":21,"column":5}},"type":"if","locations":[{"start":{"line":10,"column":4},"end":{"line":21,"column":5}},{"start":{},"end":{}}],"line":10},"1":{"loc":{"start":{"line":10,"column":8},"end":{"line":10,"column":61}},"type":"binary-expr","locations":[{"start":{"line":10,"column":8},"end":{"line":10,"column":27}},{"start":{"line":10,"column":31},"end":{"line":10,"column":43}},{"start":{"line":10,"column":47},"end":{"line":10,"column":61}}],"line":10},"2":{"loc":{"start":{"line":11,"column":6},"end":{"line":20,"column":7}},"type":"if","locations":[{"start":{"line":11,"column":6},"end":{"line":20,"column":7}},{"start":{"line":16,"column":13},"end":{"line":20,"column":7}}],"line":11},"3":{"loc":{"start":{"line":14,"column":24},"end":{"line":14,"column":79}},"type":"binary-expr","locations":[{"start":{"line":14,"column":24},"end":{"line":14,"column":52}},{"start":{"line":14,"column":56},"end":{"line":14,"column":79}}],"line":14},"4":{"loc":{"start":{"line":23,"column":4},"end":{"line":25,"column":5}},"type":"if","locations":[{"start":{"line":23,"column":4},"end":{"line":25,"column":5}},{"start":{},"end":{}}],"line":23},"5":{"loc":{"start":{"line":30,"column":2},"end":{"line":122,"column":3}},"type":"if","locations":[{"start":{"line":30,"column":2},"end":{"line":122,"column":3}},{"start":{"line":69,"column":9},"end":{"line":122,"column":3}}],"line":30},"6":{"loc":{"start":{"line":31,"column":4},"end":{"line":68,"column":5}},"type":"switch","locations":[{"start":{"line":32,"column":6},"end":{"line":38,"column":10}},{"start":{"line":39,"column":6},"end":{"line":45,"column":10}},{"start":{"line":46,"column":6},"end":{"line":52,"column":10}},{"start":{"line":53,"column":6},"end":{"line":59,"column":10}},{"start":{"line":60,"column":6},"end":{"line":66,"column":10}},{"start":{"line":67,"column":6},"end":{"line":67,"column":14}}],"line":31},"7":{"loc":{"start":{"line":36,"column":12},"end":{"line":37,"column":71}},"type":"binary-expr","locations":[{"start":{"line":36,"column":12},"end":{"line":36,"column":40}},{"start":{"line":37,"column":12},"end":{"line":37,"column":71}}],"line":36},"8":{"loc":{"start":{"line":43,"column":12},"end":{"line":44,"column":70}},"type":"binary-expr","locations":[{"start":{"line":43,"column":12},"end":{"line":43,"column":40}},{"start":{"line":44,"column":12},"end":{"line":44,"column":70}}],"line":43},"9":{"loc":{"start":{"line":50,"column":12},"end":{"line":51,"column":68}},"type":"binary-expr","locations":[{"start":{"line":50,"column":12},"end":{"line":50,"column":40}},{"start":{"line":51,"column":12},"end":{"line":51,"column":68}}],"line":50},"10":{"loc":{"start":{"line":57,"column":12},"end":{"line":58,"column":71}},"type":"binary-expr","locations":[{"start":{"line":57,"column":12},"end":{"line":57,"column":40}},{"start":{"line":58,"column":12},"end":{"line":58,"column":71}}],"line":57},"11":{"loc":{"start":{"line":64,"column":12},"end":{"line":65,"column":77}},"type":"binary-expr","locations":[{"start":{"line":64,"column":12},"end":{"line":64,"column":40}},{"start":{"line":65,"column":12},"end":{"line":65,"column":77}}],"line":64},"12":{"loc":{"start":{"line":69,"column":9},"end":{"line":122,"column":3}},"type":"if","locations":[{"start":{"line":69,"column":9},"end":{"line":122,"column":3}},{"start":{},"end":{}}],"line":69},"13":{"loc":{"start":{"line":70,"column":4},"end":{"line":121,"column":5}},"type":"switch","locations":[{"start":{"line":71,"column":6},"end":{"line":77,"column":10}},{"start":{"line":78,"column":6},"end":{"line":84,"column":10}},{"start":{"line":85,"column":6},"end":{"line":91,"column":10}},{"start":{"line":92,"column":6},"end":{"line":98,"column":10}},{"start":{"line":99,"column":6},"end":{"line":109,"column":10}},{"start":{"line":110,"column":6},"end":{"line":120,"column":10}}],"line":70},"14":{"loc":{"start":{"line":75,"column":12},"end":{"line":76,"column":74}},"type":"binary-expr","locations":[{"start":{"line":75,"column":12},"end":{"line":75,"column":40}},{"start":{"line":76,"column":12},"end":{"line":76,"column":74}}],"line":75},"15":{"loc":{"start":{"line":82,"column":12},"end":{"line":83,"column":72}},"type":"binary-expr","locations":[{"start":{"line":82,"column":12},"end":{"line":82,"column":40}},{"start":{"line":83,"column":12},"end":{"line":83,"column":72}}],"line":82},"16":{"loc":{"start":{"line":89,"column":12},"end":{"line":90,"column":71}},"type":"binary-expr","locations":[{"start":{"line":89,"column":12},"end":{"line":89,"column":40}},{"start":{"line":90,"column":12},"end":{"line":90,"column":71}}],"line":89},"17":{"loc":{"start":{"line":96,"column":12},"end":{"line":97,"column":75}},"type":"binary-expr","locations":[{"start":{"line":96,"column":12},"end":{"line":96,"column":40}},{"start":{"line":97,"column":12},"end":{"line":97,"column":75}}],"line":96},"18":{"loc":{"start":{"line":101,"column":35},"end":{"line":103,"column":26}},"type":"cond-expr","locations":[{"start":{"line":102,"column":12},"end":{"line":102,"column":35}},{"start":{"line":103,"column":12},"end":{"line":103,"column":26}}],"line":101},"19":{"loc":{"start":{"line":107,"column":12},"end":{"line":108,"column":64}},"type":"binary-expr","locations":[{"start":{"line":107,"column":12},"end":{"line":107,"column":40}},{"start":{"line":108,"column":12},"end":{"line":108,"column":64}}],"line":107},"20":{"loc":{"start":{"line":112,"column":32},"end":{"line":114,"column":27}},"type":"cond-expr","locations":[{"start":{"line":113,"column":12},"end":{"line":113,"column":35}},{"start":{"line":114,"column":12},"end":{"line":114,"column":27}}],"line":112},"21":{"loc":{"start":{"line":118,"column":12},"end":{"line":119,"column":65}},"type":"binary-expr","locations":[{"start":{"line":118,"column":12},"end":{"line":118,"column":40}},{"start":{"line":119,"column":12},"end":{"line":119,"column":65}}],"line":118},"22":{"loc":{"start":{"line":123,"column":2},"end":{"line":179,"column":3}},"type":"switch","locations":[{"start":{"line":124,"column":4},"end":{"line":132,"column":8}},{"start":{"line":133,"column":4},"end":{"line":145,"column":8}},{"start":{"line":146,"column":4},"end":{"line":156,"column":8}},{"start":{"line":157,"column":4},"end":{"line":169,"column":8}},{"start":{"line":170,"column":4},"end":{"line":177,"column":8}},{"start":{"line":178,"column":4},"end":{"line":178,"column":12}}],"line":123},"23":{"loc":{"start":{"line":130,"column":10},"end":{"line":131,"column":51}},"type":"binary-expr","locations":[{"start":{"line":130,"column":10},"end":{"line":130,"column":38}},{"start":{"line":131,"column":10},"end":{"line":131,"column":51}}],"line":130},"24":{"loc":{"start":{"line":143,"column":10},"end":{"line":144,"column":54}},"type":"binary-expr","locations":[{"start":{"line":143,"column":10},"end":{"line":143,"column":38}},{"start":{"line":144,"column":10},"end":{"line":144,"column":54}}],"line":143},"25":{"loc":{"start":{"line":152,"column":20},"end":{"line":152,"column":58}},"type":"binary-expr","locations":[{"start":{"line":152,"column":20},"end":{"line":152,"column":37}},{"start":{"line":152,"column":41},"end":{"line":152,"column":58}}],"line":152},"26":{"loc":{"start":{"line":154,"column":10},"end":{"line":155,"column":53}},"type":"binary-expr","locations":[{"start":{"line":154,"column":10},"end":{"line":154,"column":38}},{"start":{"line":155,"column":10},"end":{"line":155,"column":53}}],"line":154},"27":{"loc":{"start":{"line":167,"column":10},"end":{"line":168,"column":93}},"type":"binary-expr","locations":[{"start":{"line":167,"column":10},"end":{"line":167,"column":38}},{"start":{"line":168,"column":10},"end":{"line":168,"column":93}}],"line":167},"28":{"loc":{"start":{"line":175,"column":10},"end":{"line":176,"column":50}},"type":"binary-expr","locations":[{"start":{"line":175,"column":10},"end":{"line":175,"column":38}},{"start":{"line":176,"column":10},"end":{"line":176,"column":50}}],"line":175},"29":{"loc":{"start":{"line":197,"column":2},"end":{"line":199,"column":3}},"type":"if","locations":[{"start":{"line":197,"column":2},"end":{"line":199,"column":3}},{"start":{},"end":{}}],"line":197},"30":{"loc":{"start":{"line":197,"column":6},"end":{"line":197,"column":41}},"type":"binary-expr","locations":[{"start":{"line":197,"column":6},"end":{"line":197,"column":24}},{"start":{"line":197,"column":28},"end":{"line":197,"column":41}}],"line":197},"31":{"loc":{"start":{"line":201,"column":2},"end":{"line":203,"column":3}},"type":"if","locations":[{"start":{"line":201,"column":2},"end":{"line":203,"column":3}},{"start":{},"end":{}}],"line":201},"32":{"loc":{"start":{"line":209,"column":2},"end":{"line":222,"column":3}},"type":"switch","locations":[{"start":{"line":210,"column":4},"end":{"line":211,"column":44}},{"start":{"line":212,"column":4},"end":{"line":213,"column":39}},{"start":{"line":214,"column":4},"end":{"line":215,"column":39}},{"start":{"line":216,"column":4},"end":{"line":217,"column":39}},{"start":{"line":218,"column":4},"end":{"line":219,"column":66}},{"start":{"line":220,"column":4},"end":{"line":221,"column":18}}],"line":209},"33":{"loc":{"start":{"line":225,"column":2},"end":{"line":227,"column":3}},"type":"if","locations":[{"start":{"line":225,"column":2},"end":{"line":227,"column":3}},{"start":{},"end":{}}],"line":225},"34":{"loc":{"start":{"line":225,"column":6},"end":{"line":225,"column":41}},"type":"binary-expr","locations":[{"start":{"line":225,"column":6},"end":{"line":225,"column":24}},{"start":{"line":225,"column":28},"end":{"line":225,"column":41}}],"line":225},"35":{"loc":{"start":{"line":229,"column":2},"end":{"line":231,"column":3}},"type":"if","locations":[{"start":{"line":229,"column":2},"end":{"line":231,"column":3}},{"start":{},"end":{}}],"line":229},"36":{"loc":{"start":{"line":240,"column":2},"end":{"line":242,"column":3}},"type":"if","locations":[{"start":{"line":240,"column":2},"end":{"line":242,"column":3}},{"start":{},"end":{}}],"line":240},"37":{"loc":{"start":{"line":243,"column":2},"end":{"line":252,"column":3}},"type":"switch","locations":[{"start":{"line":244,"column":4},"end":{"line":245,"column":44}},{"start":{"line":246,"column":4},"end":{"line":247,"column":51}},{"start":{"line":248,"column":4},"end":{"line":249,"column":51}},{"start":{"line":250,"column":4},"end":{"line":251,"column":18}}],"line":243},"38":{"loc":{"start":{"line":255,"column":2},"end":{"line":257,"column":3}},"type":"if","locations":[{"start":{"line":255,"column":2},"end":{"line":257,"column":3}},{"start":{},"end":{}}],"line":255},"39":{"loc":{"start":{"line":255,"column":6},"end":{"line":255,"column":55}},"type":"binary-expr","locations":[{"start":{"line":255,"column":6},"end":{"line":255,"column":31}},{"start":{"line":255,"column":35},"end":{"line":255,"column":55}}],"line":255},"40":{"loc":{"start":{"line":258,"column":19},"end":{"line":260,"column":39}},"type":"cond-expr","locations":[{"start":{"line":259,"column":6},"end":{"line":259,"column":48}},{"start":{"line":260,"column":6},"end":{"line":260,"column":39}}],"line":258},"41":{"loc":{"start":{"line":261,"column":2},"end":{"line":263,"column":3}},"type":"if","locations":[{"start":{"line":261,"column":2},"end":{"line":263,"column":3}},{"start":{},"end":{}}],"line":261},"42":{"loc":{"start":{"line":264,"column":2},"end":{"line":266,"column":3}},"type":"if","locations":[{"start":{"line":264,"column":2},"end":{"line":266,"column":3}},{"start":{},"end":{}}],"line":264},"43":{"loc":{"start":{"line":273,"column":2},"end":{"line":282,"column":3}},"type":"switch","locations":[{"start":{"line":274,"column":4},"end":{"line":275,"column":54}},{"start":{"line":276,"column":4},"end":{"line":277,"column":58}},{"start":{"line":278,"column":4},"end":{"line":279,"column":54}},{"start":{"line":280,"column":4},"end":{"line":281,"column":19}}],"line":273},"44":{"loc":{"start":{"line":284,"column":35},"end":{"line":284,"column":44}},"type":"default-arg","locations":[{"start":{"line":284,"column":42},"end":{"line":284,"column":44}}],"line":284},"45":{"loc":{"start":{"line":284,"column":46},"end":{"line":284,"column":61}},"type":"default-arg","locations":[{"start":{"line":284,"column":59},"end":{"line":284,"column":61}}],"line":284},"46":{"loc":{"start":{"line":287,"column":2},"end":{"line":293,"column":3}},"type":"if","locations":[{"start":{"line":287,"column":2},"end":{"line":293,"column":3}},{"start":{},"end":{}}],"line":287},"47":{"loc":{"start":{"line":287,"column":6},"end":{"line":287,"column":48}},"type":"binary-expr","locations":[{"start":{"line":287,"column":6},"end":{"line":287,"column":11}},{"start":{"line":287,"column":15},"end":{"line":287,"column":19}},{"start":{"line":287,"column":23},"end":{"line":287,"column":48}}],"line":287},"48":{"loc":{"start":{"line":288,"column":4},"end":{"line":292,"column":5}},"type":"if","locations":[{"start":{"line":288,"column":4},"end":{"line":292,"column":5}},{"start":{"line":290,"column":11},"end":{"line":292,"column":5}}],"line":288}},"s":{"0":0,"1":0,"2":0,"3":0,"4":0,"5":0,"6":0,"7":0,"8":0,"9":0,"10":0,"11":0,"12":0,"13":0,"14":0,"15":0,"16":0,"17":0,"18":0,"19":0,"20":0,"21":0,"22":0,"23":0,"24":0,"25":0,"26":0,"27":0,"28":0,"29":0,"30":0,"31":0,"32":0,"33":0,"34":0,"35":0,"36":0,"37":0,"38":0,"39":0,"40":0,"41":0,"42":0,"43":0,"44":0,"45":0,"46":0,"47":0,"48":0,"49":0,"50":0,"51":0,"52":0,"53":0,"54":0,"55":0,"56":0,"57":0,"58":0,"59":0,"60":0,"61":0,"62":0,"63":0,"64":0,"65":0,"66":0,"67":0,"68":0,"69":0,"70":0,"71":0,"72":0,"73":0,"74":0,"75":0,"76":0,"77":0,"78":0,"79":0,"80":0,"81":0,"82":0,"83":0,"84":0,"85":0,"86":0,"87":0,"88":0,"89":0,"90":0,"91":0,"92":0,"93":0,"94":0,"95":0,"96":0,"97":0,"98":0,"99":0,"100":0,"101":0,"102":0,"103":0,"104":0,"105":0,"106":0,"107":0,"108":0,"109":0,"110":0,"111":0,"112":0},"f":{"0":0,"1":0,"2":0,"3":0,"4":0,"5":0,"6":0,"7":0,"8":0,"9":0,"10":0,"11":0},"b":{"0":[0,0],"1":[0,0,0],"2":[0,0],"3":[0,0],"4":[0,0],"5":[0,0],"6":[0,0,0,0,0,0],"7":[0,0],"8":[0,0],"9":[0,0],"10":[0,0],"11":[0,0],"12":[0,0],"13":[0,0,0,0,0,0],"14":[0,0],"15":[0,0],"16":[0,0],"17":[0,0],"18":[0,0],"19":[0,0],"20":[0,0],"21":[0,0],"22":[0,0,0,0,0,0],"23":[0,0],"24":[0,0],"25":[0,0],"26":[0,0],"27":[0,0],"28":[0,0],"29":[0,0],"30":[0,0],"31":[0,0],"32":[0,0,0,0,0,0],"33":[0,0],"34":[0,0],"35":[0,0],"36":[0,0],"37":[0,0,0,0],"38":[0,0],"39":[0,0],"40":[0,0],"41":[0,0],"42":[0,0],"43":[0,0,0,0],"44":[0],"45":[0],"46":[0,0],"47":[0,0,0],"48":[0,0]}}
}
